
[Sun Apr 11 07:53:37.716 2021] ш
[Sun Apr 11 07:53:37.751 2021] ========= BS / ACQ / SEQ TABLES     VE416  V8.0     9/ 5/2019  6:20:31 =========
[Sun Apr 11 07:53:37.855 2021] 
[Sun Apr 11 07:53:37.857 2021] 
[Sun Apr 11 07:53:37.859 2021] 
[Sun Apr 11 07:53:37.861 2021] NO BASIC SIGNAL DEFINED
[Sun Apr 11 07:53:37.893 2021] 
[Sun Apr 11 07:53:37.894 2021] NO ACQUISITION DEFINED
[Sun Apr 11 07:53:37.925 2021] 
[Sun Apr 11 07:53:37.928 2021] NO SEQUENCE DEFINED
[Sun Apr 11 07:53:37.956 2021] 
[Sun Apr 11 07:53:37.958 2021] 
[Sun Apr 11 07:55:02.977 2021] 
[Sun Apr 11 07:55:02.978 2021] ========= BS / ACQ / SEQ TABLES     VE416  V8.0     9/ 5/2019  6:21:56 =========
[Sun Apr 11 07:55:03.102 2021] 
[Sun Apr 11 07:55:03.104 2021]  ( CRC = 0655H )
[Sun Apr 11 07:55:03.127 2021] 
[Sun Apr 11 07:55:03.128 2021] BS#1=LIN/STa=300mS/ETa=300mS;
[Sun Apr 11 07:55:03.168 2021]      AMPLI=90%/LENGTH=12S/Sf=8Hz/Ef=100Hz;
[Sun Apr 11 07:55:03.223 2021]      
[Sun Apr 11 07:55:03.231 2021] ACQ1=PILOT1=N1/DI/P90;
[Sun Apr 11 07:55:03.261 2021]      OUT1=+P1;
[Sun Apr 11 07:55:03.281 2021]      DSD1,1=N1/DI/P90;
[Sun Apr 11 07:55:03.311 2021]      DSD1,2=DSD1,1;
[Sun Apr 11 07:55:03.338 2021]      DSD1,3=DSD1,1;
[Sun Apr 11 07:55:03.364 2021]      DSD1,4=DSD1,1;
[Sun Apr 11 07:55:03.390 2021]      DSD1,5=DSD1,1;
[Sun Apr 11 07:55:03.417 2021] 
[Sun Apr 11 07:55:03.419 2021] NO SEQUENCE DEFINED
[Sun Apr 11 07:55:03.446 2021] 
[Sun Apr 11 07:55:03.449 2021] 
[Sun Apr 11 07:56:41.879 2021] 
[Sun Apr 11 07:56:41.879 2021] ========= BS / ACQ / SEQ TABLES     VE416  V8.0     9/ 5/2019  6:23:35 =========
[Sun Apr 11 07:56:42.019 2021] 
[Sun Apr 11 07:56:42.020 2021]  ( CRC = C612H )
[Sun Apr 11 07:56:42.044 2021] 
[Sun Apr 11 07:56:42.046 2021] BS#1=LIN/STa=300mS/ETa=300mS;
[Sun Apr 11 07:56:42.084 2021]      AMPLI=90%/LENGTH=12S/Sf=8Hz/Ef=100Hz;
[Sun Apr 11 07:56:42.139 2021]      
[Sun Apr 11 07:56:42.148 2021] ACQ1=PILOT1=N1/DI/P90;
[Sun Apr 11 07:56:42.178 2021]      OUT1=+P1;
[Sun Apr 11 07:56:42.198 2021]      DSD1,2=DSD1,1;
[Sun Apr 11 07:56:42.224 2021]      DSD1,3=DSD1,1;
[Sun Apr 11 07:56:42.251 2021]      DSD1,4=DSD1,1;
[Sun Apr 11 07:56:42.277 2021]      DSD1,5=DSD1,1;
[Sun Apr 11 07:56:42.303 2021]      DSD1,1=N1/DI/P90;
[Sun Apr 11 07:56:42.334 2021] 
[Sun Apr 11 07:56:42.335 2021] NO SEQUENCE DEFINED
[Sun Apr 11 07:56:42.363 2021] 
[Sun Apr 11 07:56:42.365 2021] 
[Sun Apr 11 07:58:25.710 2021] 
[Sun Apr 11 07:58:25.713 2021] ========= BS / ACQ / SEQ TABLES     VE416  V8.0     9/ 5/2019  6:25:19 =========
[Sun Apr 11 07:58:25.812 2021] 
[Sun Apr 11 07:58:25.814 2021]  ( CRC = C612H )
[Sun Apr 11 07:58:25.837 2021] 
[Sun Apr 11 07:58:25.876 2021] BS#1=LIN/STa=300mS/ETa=300mS;
[Sun Apr 11 07:58:25.921 2021]      AMPLI=90%/LENGTH=12S/Sf=8Hz/Ef=100Hz;
[Sun Apr 11 07:58:25.976 2021]      
[Sun Apr 11 07:58:25.986 2021] ACQ1=PILOT1=N1/DI/P90;
[Sun Apr 11 07:58:26.016 2021]      OUT1=+P1;
[Sun Apr 11 07:58:26.035 2021]      DSD1,2=DSD1,1;
[Sun Apr 11 07:58:26.061 2021]      DSD1,3=DSD1,1;
[Sun Apr 11 07:58:26.087 2021]      DSD1,4=DSD1,1;
[Sun Apr 11 07:58:26.113 2021]      DSD1,5=DSD1,1;
[Sun Apr 11 07:58:26.139 2021]      DSD1,1=N1/DI/P90;
[Sun Apr 11 07:58:26.172 2021] 
[Sun Apr 11 07:58:26.172 2021] SEQ1=ACQ1;
[Sun Apr 11 07:58:26.188 2021] 
[Sun Apr 11 07:58:26.195 2021] 
[Sun Apr 11 08:13:28.135 2021] 
[Sun Apr 11 08:13:28.141 2021] ========= BS / ACQ / SEQ TABLES     VE416  V8.0     9/ 5/2019  6:40:22 =========
[Sun Apr 11 08:13:28.231 2021] 
[Sun Apr 11 08:13:28.231 2021]  ( CRC = C612H )
[Sun Apr 11 08:13:28.257 2021] 
[Sun Apr 11 08:13:28.289 2021] BS#1=LIN/STa=300mS/ETa=300mS;
[Sun Apr 11 08:13:28.333 2021]      AMPLI=90%/LENGTH=12S/Sf=8Hz/Ef=100Hz;
[Sun Apr 11 08:13:28.389 2021]      
[Sun Apr 11 08:13:28.397 2021] ACQ1=PILOT1=N1/DI/P90;
[Sun Apr 11 08:13:28.427 2021]      OUT1=+P1;
[Sun Apr 11 08:13:28.447 2021]      DSD1,2=DSD1,1;
[Sun Apr 11 08:13:28.474 2021]      DSD1,3=DSD1,1;
[Sun Apr 11 08:13:28.500 2021]      DSD1,4=DSD1,1;
[Sun Apr 11 08:13:28.526 2021]      DSD1,5=DSD1,1;
[Sun Apr 11 08:13:28.551 2021]      DSD1,1=N1/DI/P90;
[Sun Apr 11 08:13:28.584 2021] 
[Sun Apr 11 08:13:28.584 2021] SEQ1=ACQ1;
[Sun Apr 11 08:13:28.600 2021] 
[Sun Apr 11 08:13:28.608 2021] 
[Sun Apr 11 08:15:32.490 2021] 
[Sun Apr 11 08:15:32.500 2021] ========= RADIO DELAY MEASUREMENT   VE416  V8.0     9/ 5/2019  6:42:26 =========
[Sun Apr 11 08:15:32.598 2021] 
[Sun Apr 11 08:15:32.598 2021] 
[Sun Apr 11 08:15:36.830 2021]     - DSD1,1 :      187 micro seconds
[Sun Apr 11 08:15:41.182 2021]     - DSD1,1 :      237 micro seconds
[Sun Apr 11 08:15:45.494 2021]     - DSD1,1 :      272 micro seconds
[Sun Apr 11 08:15:49.847 2021]     - DSD1,1 :      245 micro seconds
[Sun Apr 11 08:15:54.200 2021]     - DSD1,1 :      262 micro seconds
[Sun Apr 11 08:15:54.255 2021] 
[Sun Apr 11 08:15:54.255 2021]     - Average delay:    241 micro seconds
[Sun Apr 11 08:15:54.310 2021] 
[Sun Apr 11 08:16:18.661 2021] 
[Sun Apr 11 08:16:18.668 2021] ========= LOCAL ACQUISITION         VE416  V8.0     9/ 5/2019  6:43:12 =========
[Sun Apr 11 08:16:18.804 2021] 
[Sun Apr 11 08:16:34.570 2021] SQ# 1 VP#    1.00    ST# 1 A# 1 DPG s: 1         VE416 V8.0   9/ 5/2019  6:43:26
[Sun Apr 11 08:16:34.677 2021] V1,1 D: 80%       s:12 P:  3,   7d @  4.0s D: 12, 31% @  2.5s F: 66, 77% @  1.0s
[Sun Apr 11 08:16:34.808 2021]  GV: 18/ 35/ 54 GS: 43/ 78/138 
[Sun Apr 11 08:16:59.730 2021] 
[Sun Apr 11 08:16:59.737 2021] ========= LOCAL ACQUISITION         VE416  V8.0     9/ 5/2019  6:43:53 =========
[Sun Apr 11 08:16:59.874 2021] 
[Sun Apr 11 08:17:15.640 2021] SQ# 1 VP#    1.00    ST# 1 A# 1 DPG s: 1         VE416 V8.0   9/ 5/2019  6:44: 8
[Sun Apr 11 08:17:15.748 2021] V1,1 D: 80%       s:12 P:  3,   7d @  4.0s D: 11, 30% @  2.5s F: 66, 77% @  1.0s
[Sun Apr 11 08:17:15.878 2021]  GV: 17/ 35/ 55 GS: 44/ 78/136 
[Sun Apr 11 08:17:30.097 2021] 
[Sun Apr 11 08:17:30.106 2021] ========= NORMAL OPERATION          VE416  V8.0     9/ 5/2019  6:44:24 =========
[Sun Apr 11 08:17:30.238 2021] 
[Sun Apr 11 08:19:38.684 2021] SQ# 1 VP#    1.00    ST# 1 A# 1 DPG s: 1         VE416 V8.0   9/ 5/2019  6:46:29
[Sun Apr 11 08:19:38.825 2021] V1,1 D: 80%       s:12 P:  3,   7d @  4.0s D: 12, 28% @  2.5s F: 66, 77% @  1.0s
[Sun Apr 11 08:19:38.927 2021]  GV: 17/ 35/ 55 GS: 44/ 80/141 
[Sun Apr 11 08:20:10.270 2021] SQ# 1 VP#    2.00    ST# 1 A# 1 DPG s: 1         VE416 V8.0   9/ 5/2019  6:47: 0
[Sun Apr 11 08:20:10.376 2021] V1,1 D: 80%       s:12 P:  3,   6d @  4.0s D: 12, 28% @  2.5s F: 66, 77% @  1.0s
[Sun Apr 11 08:20:10.514 2021]  GV: 18/ 35/ 55 GS: 43/ 80/141 
[Sun Apr 11 08:21:03.978 2021] SQ# 1 VP#    3.00    ST# 1 A# 1 DPG s: 1         VE416 V8.0   9/ 5/2019  6:47:55
[Sun Apr 11 08:21:04.084 2021] V1,1 D: 80%       s:12 P:  4,   6d @  4.0s D: 12, 27% @  2.5s F: 66, 77% @  1.0s
[Sun Apr 11 08:21:04.221 2021]  GV: 17/ 35/ 54 GS: 43/ 80/144 
[Sun Apr 11 08:21:27.178 2021] SQ# 1 VP#    4.00    ST# 1 A# 1 DPG s: 1         VE416 V8.0   9/ 5/2019  6:48:18
[Sun Apr 11 08:21:27.318 2021] V1,1 D: 80%       s:12 P:  3,   6d @  4.0s D: 12, 28% @  2.5s F: 66, 77% @  1.0s
[Sun Apr 11 08:21:27.423 2021]  GV: 18/ 36/ 55 GS: 43/ 80/141 
[Sun Apr 11 08:21:53.333 2021] SQ# 1 VP#    5.00    ST# 1 A# 1 DPG s: 1         VE416 V8.0   9/ 5/2019  6:48:44
[Sun Apr 11 08:21:53.440 2021] V1,1 D: 80%       s:12 P:  4,   7d @  4.0s D: 12, 26% @  2.5s F: 66, 77% @  1.0s
[Sun Apr 11 08:21:53.576 2021]  GV: 18/ 35/ 54 GS: 43/ 80/142 
[Sun Apr 11 09:07:22.808 2021] 
[Sun Apr 11 09:07:22.817 2021] ========= LOCAL ACQUISITION         VE416  V8.0     9/ 5/2019  7:34:16 =========
[Sun Apr 11 09:07:22.943 2021] 
[Sun Apr 11 09:07:38.708 2021] SQ# 1 VP#    6.00    ST# 1 A# 1 DPG s: 1         VE416 V8.0   9/ 5/2019  7:34:31
[Sun Apr 11 09:07:38.814 2021] V1,1 D: 80%       s:12 P:  4,   7d @  4.0s D: 12, 27% @  2.5s F: 66, 77% @  1.0s
[Sun Apr 11 09:07:38.946 2021]  GV: 17/ 36/ 54 GS: 43/ 81/144 
[Sun Apr 11 09:07:51.329 2021] 
[Sun Apr 11 09:07:51.365 2021] ========= NORMAL OPERATION          VE416  V8.0     9/ 5/2019  7:34:45 =========
[Sun Apr 11 09:07:51.475 2021] 
[Sun Apr 11 09:08:29.440 2021] SQ# 1 VP#    6.00    ST# 1 A# 1 DPG s: 1         VE416 V8.0   9/ 5/2019  7:35:19
[Sun Apr 11 09:08:29.547 2021] V1,1 D: 80%       s:12 P:  4,   7d @  4.0s D: 12, 27% @  2.5s F: 66, 77% @  1.0s
[Sun Apr 11 09:08:29.684 2021]  GV: 18/ 36/ 55 GS: 44/ 81/144 
[Sun Apr 11 09:09:00.667 2021] SQ# 1 VP#    7.00    ST# 1 A# 1 DPG s: 1         VE416 V8.0   9/ 5/2019  7:35:51
[Sun Apr 11 09:09:00.811 2021] V1,1 D: 80%       s:12 P:  4,   7d @  4.0s D: 12, 27% @  2.5s F: 66, 77% @  1.0s
[Sun Apr 11 09:09:00.914 2021]  GV: 18/ 36/ 55 GS: 43/ 81/146 
[Sun Apr 11 09:09:30.974 2021] SQ# 1 VP#    8.00    ST# 1 A# 1 DPG s: 1         VE416 V8.0   9/ 5/2019  7:36:21
[Sun Apr 11 09:09:31.082 2021] V1,1 D: 80%       s:12 P:  4,   7d @  4.0s D: 12, 26% @  2.5s F: 66, 77% @  1.0s
[Sun Apr 11 09:09:31.184 2021]  GV: 18/ 36/ 55 GS: 43/ 81/145 
[Sun Apr 11 09:10:00.994 2021] SQ# 1 VP#    9.00    ST# 1 A# 1 DPG s: 1         VE416 V8.0   9/ 5/2019  7:36:52
[Sun Apr 11 09:10:01.101 2021] V1,1 D: 80%       s:12 P:  4,   7d @  4.0s D: 12, 27% @  2.5s F: 66, 77% @  1.0s
[Sun Apr 11 09:10:01.240 2021]  GV: 18/ 36/ 55 GS: 43/ 81/146 
[Sun Apr 11 09:10:31.701 2021] SQ# 1 VP#   10.00    ST# 1 A# 1 DPG s: 1         VE416 V8.0   9/ 5/2019  7:37:22
[Sun Apr 11 09:10:31.807 2021] V1,1 D: 80%       s:12 P:  4,   7d @  4.0s D: 12, 26% @  2.5s F: 66, 77% @  1.0s
[Sun Apr 11 09:10:31.941 2021]  GV: 18/ 36/ 55 GS: 43/ 81/146 
[Sun Apr 11 09:10:59.523 2021] SQ# 1 VP#   11.00    ST# 1 A# 1 DPG s: 1         VE416 V8.0   9/ 5/2019  7:37:50
[Sun Apr 11 09:10:59.664 2021] V1,1 D: 80%       s:12 P:  4,   7d @  4.0s D: 12, 26% @  2.5s F: 66, 77% @  1.0s
[Sun Apr 11 09:10:59.767 2021]  GV: 18/ 36/ 54 GS: 43/ 81/143 
[Sun Apr 11 09:11:26.436 2021] SQ# 1 VP#   12.00    ST# 1 A# 1 DPG s: 1         VE416 V8.0   9/ 5/2019  7:38:17
[Sun Apr 11 09:11:26.543 2021] V1,1 D: 80%       s:12 P:  3,   7d @  4.0s D: 11, 27% @  2.5s F: 66, 77% @  1.0s
[Sun Apr 11 09:11:26.679 2021]  GV: 18/ 36/ 55 GS: 43/ 81/143 
[Sun Apr 11 09:18:32.266 2021] TIMING ERROR   DPG / DSD1,1
[Sun Apr 11 09:18:32.307 2021]  VP#    13 ST# 1
[Sun Apr 11 09:18:32.329 2021]  Delta time:  1235 micro seconds      (Max :  1054 micro seconds)
[Sun Apr 11 09:18:33.603 2021] SQ# 1 VP#   13.00    ST# 1 A# 1 DPG s: 1         VE416 V8.0   9/ 5/2019  7:45:24
[Sun Apr 11 09:18:33.711 2021] V1,1 D: 80%       s:19 P:  4,   6d @  4.0s D: 12, 26% @  2.5s F: 66, 76% @  1.0s
[Sun Apr 11 09:18:33.849 2021]  GV: 18/ 37/ 53 GS: 43/ 83/147 
[Sun Apr 11 09:19:03.312 2021] SQ# 1 VP#   14.00    ST# 1 A# 1 DPG s: 1         VE416 V8.0   9/ 5/2019  7:45:54
[Sun Apr 11 09:19:03.452 2021] V1,1 D: 80%       s:12 P:  4,   7d @  4.0s D: 12, 27% @  2.5s F: 66, 77% @  1.0s
[Sun Apr 11 09:19:03.555 2021]  GV: 18/ 37/ 54 GS: 43/ 82/145 
[Sun Apr 11 09:19:38.282 2021] SQ# 1 VP#   15.00    ST# 1 A# 1 DPG s: 1         VE416 V8.0   9/ 5/2019  7:46:29
[Sun Apr 11 09:19:38.389 2021] V1,1 D: 80%       s:12 P:  4,   6d @  4.0s D: 12, 26% @  2.5s F: 66, 77% @  1.0s
[Sun Apr 11 09:19:38.525 2021]  GV: 18/ 37/ 54 GS: 43/ 82/146 
[Sun Apr 11 09:20:27.467 2021] SQ# 1 VP#   16.00    ST# 1 A# 1 DPG s: 1         VE416 V8.0   9/ 5/2019  7:47:18
[Sun Apr 11 09:20:27.574 2021] V1,1 D: 80%       s:12 P:  4,   7d @  4.0s D: 12, 26% @  2.5s F: 66, 77% @  1.0s
[Sun Apr 11 09:20:27.716 2021]  GV: 18/ 37/ 55 GS: 43/ 83/147 
[Sun Apr 11 09:20:59.413 2021] SQ# 1 VP#   17.00    ST# 1 A# 1 DPG s: 1         VE416 V8.0   9/ 5/2019  7:47:50
[Sun Apr 11 09:20:59.558 2021] V1,1 D: 80%       s:12 P:  4,   7d @  4.0s D: 12, 26% @  2.5s F: 66, 77% @  1.0s
[Sun Apr 11 09:20:59.661 2021]  GV: 18/ 37/ 53 GS: 44/ 82/144 
[Sun Apr 11 09:21:23.451 2021] SQ# 1 VP#   18.00    ST# 1 A# 1 DPG s: 1         VE416 V8.0   9/ 5/2019  7:48:14
[Sun Apr 11 09:21:23.559 2021] V1,1 D: 80%       s:12 P:  4,   6d @  4.0s D: 12, 25% @  2.5s F: 66, 77% @  1.0s
[Sun Apr 11 09:21:23.692 2021]  GV: 18/ 37/ 54 GS: 43/ 82/144 
[Sun Apr 11 09:22:15.991 2021] SQ# 1 VP#   19.00    ST# 1 A# 1 DPG s: 1         VE416 V8.0   9/ 5/2019  7:49: 7
[Sun Apr 11 09:22:16.098 2021] V1,1 D: 80%       s:12 P:  4,   7d @  4.0s D: 12, 26% @  2.5s F: 66, 77% @  1.0s
[Sun Apr 11 09:22:16.234 2021]  GV: 18/ 37/ 54 GS: 43/ 83/147 
[Sun Apr 11 09:29:10.030 2021] TIMING ERROR   DPG / DSD1,1
[Sun Apr 11 09:29:10.073 2021]  VP#    20 ST# 1
[Sun Apr 11 09:29:10.094 2021]  Delta time:  1040 micro seconds      (Max :  1030 micro seconds)
[Sun Apr 11 09:29:11.359 2021] SQ# 1 VP#   20.00    ST# 1 A# 1 DPG s: 1         VE416 V8.0   9/ 5/2019  7:56: 2
[Sun Apr 11 09:29:11.496 2021] V1,1 D: 80%       s:19 P:  4,   7d @  4.0s D: 12, 26% @  2.5s F: 66, 77% @  1.0s
[Sun Apr 11 09:29:11.598 2021]  GV: 18/ 37/ 53 GS: 43/ 84/148 
[Sun Apr 11 09:29:44.651 2021] SQ# 1 VP#   21.00    ST# 1 A# 1 DPG s: 1         VE416 V8.0   9/ 5/2019  7:56:35
[Sun Apr 11 09:29:44.788 2021] V1,1 D: 80%       s:12 P:  4,   6d @  4.0s D: 12, 25% @  2.5s F: 66, 77% @  1.0s
[Sun Apr 11 09:29:44.892 2021]  GV: 18/ 37/ 53 GS: 43/ 83/147 
[Sun Apr 11 09:30:19.342 2021] SQ# 1 VP#   22.00    ST# 1 A# 1 DPG s: 1         VE416 V8.0   9/ 5/2019  7:57:10
[Sun Apr 11 09:30:19.449 2021] V1,1 D: 80%       s:12 P:  4,   7d @  4.0s D: 13, 26% @  2.5s F: 66, 77% @  1.0s
[Sun Apr 11 09:30:19.588 2021]  GV: 18/ 37/ 54 GS: 43/ 83/148 
[Sun Apr 11 09:30:50.169 2021] SQ# 1 VP#   23.00    ST# 1 A# 1 DPG s: 1         VE416 V8.0   9/ 5/2019  7:57:41
[Sun Apr 11 09:30:50.313 2021] V1,1 D: 80%       s:12 P:  4,   6d @  4.0s D: 12, 25% @  2.5s F: 66, 77% @  1.0s
[Sun Apr 11 09:30:50.414 2021]  GV: 17/ 37/ 54 GS: 43/ 83/148 
[Sun Apr 11 09:31:16.044 2021] SQ# 1 VP#   24.00    ST# 1 A# 1 DPG s: 1         VE416 V8.0   9/ 5/2019  7:58: 7
[Sun Apr 11 09:31:16.151 2021] V1,1 D: 80%       s:12 P:  4,   6d @  4.0s D: 13, 26% @  2.5s F: 66, 77% @  1.0s
[Sun Apr 11 09:31:16.288 2021]  GV: 18/ 37/ 53 GS: 43/ 83/146 
[Sun Apr 11 09:31:46.382 2021] SQ# 1 VP#   25.00    ST# 1 A# 1 DPG s: 1         VE416 V8.0   9/ 5/2019  7:58:37
[Sun Apr 11 09:31:46.522 2021] V1,1 D: 80%       s:12 P:  4,   7d @  4.0s D: 12, 26% @  2.5s F: 66, 77% @  1.0s
[Sun Apr 11 09:31:46.629 2021]  GV: 18/ 37/ 55 GS: 43/ 83/148 
[Sun Apr 11 09:32:16.171 2021] SQ# 1 VP#   26.00    ST# 1 A# 1 DPG s: 1         VE416 V8.0   9/ 5/2019  7:59: 7
[Sun Apr 11 09:32:16.311 2021] V1,1 D: 80%       s:12 P:  4,   7d @  4.0s D: 12, 26% @  2.5s F: 66, 77% @  1.0s
[Sun Apr 11 09:32:16.418 2021]  GV: 18/ 37/ 54 GS: 43/ 83/147 
[Sun Apr 11 09:38:25.936 2021] TIMING ERROR   DPG / DSD1,1
[Sun Apr 11 09:38:25.980 2021]  VP#    27 ST# 1
[Sun Apr 11 09:38:26.003 2021]  Delta time:  1000 micro seconds      (Max :   941 micro seconds)
[Sun Apr 11 09:38:27.274 2021] SQ# 1 VP#   27.00    ST# 1 A# 1 DPG s: 1         VE416 V8.0   9/ 5/2019  8: 5:18
[Sun Apr 11 09:38:27.384 2021] V1,1 D: 80%       s:19 P:  4,   6d @  4.5s D: 12, 25% @  2.5s F: 66, 77% @  1.0s
[Sun Apr 11 09:38:27.521 2021]  GV: 18/ 37/ 53 GS: 43/ 84/147 
[Sun Apr 11 09:39:04.132 2021] SQ# 1 VP#   28.00    ST# 1 A# 1 DPG s: 1         VE416 V8.0   9/ 5/2019  8: 5:55
[Sun Apr 11 09:39:04.272 2021] V1,1 D: 80%       s:12 P:  4,   7d @  4.0s D: 12, 26% @  2.5s F: 66, 77% @  1.0s
[Sun Apr 11 09:39:04.375 2021]  GV: 17/ 37/ 53 GS: 43/ 83/147 
[Sun Apr 11 09:39:37.554 2021] SQ# 1 VP#   29.00    ST# 1 A# 1 DPG s: 1         VE416 V8.0   9/ 5/2019  8: 6:28
[Sun Apr 11 09:39:37.662 2021] V1,1 D: 80%       s:12 P:  4,   6d @  4.0s D: 13, 25% @  2.5s F: 66, 77% @  1.0s
[Sun Apr 11 09:39:37.800 2021]  GV: 17/ 37/ 54 GS: 43/ 84/147 
[Sun Apr 11 09:40:10.337 2021] SQ# 1 VP#   30.00    ST# 1 A# 1 DPG s: 1         VE416 V8.0   9/ 5/2019  8: 7: 1
[Sun Apr 11 09:40:10.482 2021] V1,1 D: 80%       s:12 P:  4,   7d @  4.0s D: 13, 25% @  2.5s F: 66, 77% @  1.0s
[Sun Apr 11 09:40:10.583 2021]  GV: 18/ 37/ 54 GS: 43/ 84/148 
[Sun Apr 11 09:40:39.607 2021] SQ# 1 VP#   31.00    ST# 1 A# 1 DPG s: 1         VE416 V8.0   9/ 5/2019  8: 7:30
[Sun Apr 11 09:40:39.749 2021] V1,1 D: 80%       s:12 P:  4,   7d @  4.0s D: 13, 26% @  2.5s F: 66, 77% @  1.0s
[Sun Apr 11 09:40:39.852 2021]  GV: 18/ 37/ 54 GS: 43/ 83/148 
[Sun Apr 11 09:41:09.037 2021] SQ# 1 VP#   32.00    ST# 1 A# 1 DPG s: 1         VE416 V8.0   9/ 5/2019  8: 8: 0
[Sun Apr 11 09:41:09.145 2021] V1,1 D: 80%       s:12 P:  4,   6d @  4.0s D: 13, 24% @  2.5s F: 66, 76% @  1.0s
[Sun Apr 11 09:41:09.246 2021]  GV: 18/ 37/ 54 GS: 42/ 83/147 
[Sun Apr 11 09:41:42.449 2021] SQ# 1 VP#   33.00    ST# 1 A# 1 DPG s: 1         VE416 V8.0   9/ 5/2019  8: 8:33
[Sun Apr 11 09:41:42.590 2021] V1,1 D: 80%       s:12 P:  4,   7d @  4.0s D: 13, 25% @  2.5s F: 66, 77% @  1.0s
[Sun Apr 11 09:41:42.691 2021]  GV: 18/ 37/ 54 GS: 43/ 83/147 
[Sun Apr 11 09:49:34.430 2021] TIMING ERROR   DPG / DSD1,1
[Sun Apr 11 09:49:34.472 2021]  VP#    34 ST# 1
[Sun Apr 11 09:49:34.527 2021]  Delta time:  1250 micro seconds      (Max :  1146 micro seconds)
[Sun Apr 11 09:49:35.757 2021] SQ# 1 VP#   34.00    ST# 1 A# 1 DPG s: 1         VE416 V8.0   9/ 5/2019  8:16:26
[Sun Apr 11 09:49:35.898 2021] V1,1 D: 80%       s:19 P:  4,   6d @  4.0s D: 12, 24% @  2.5s F: 66, 77% @  1.0s
[Sun Apr 11 09:49:35.999 2021]  GV: 18/ 37/ 54 GS: 43/ 84/149 
[Sun Apr 11 09:50:18.474 2021] SQ# 1 VP#   35.00    ST# 1 A# 1 DPG s: 1         VE416 V8.0   9/ 5/2019  8:17: 9
[Sun Apr 11 09:50:18.614 2021] V1,1 D: 80%       s:12 P:  4,   7d @  4.0s D: 12, 24% @  2.5s F: 66, 77% @  1.0s
[Sun Apr 11 09:50:18.717 2021]  GV: 17/ 37/ 54 GS: 43/ 84/149 
[Sun Apr 11 09:50:59.872 2021] SQ# 1 VP#   36.00    ST# 1 A# 1 DPG s: 1         VE416 V8.0   9/ 5/2019  8:17:51
[Sun Apr 11 09:51:00.011 2021] V1,1 D: 80%       s:12 P:  4,   7d @  4.0s D: 12, 24% @  2.5s F: 66, 77% @  1.0s
[Sun Apr 11 09:51:00.113 2021]  GV: 18/ 37/ 54 GS: 43/ 84/148 
[Sun Apr 11 09:51:34.363 2021] SQ# 1 VP#   37.00    ST# 1 A# 1 DPG s: 1         VE416 V8.0   9/ 5/2019  8:18:25
[Sun Apr 11 09:51:34.509 2021] V1,1 D: 80%       s:12 P:  4,   7d @  4.0s D: 12, 25% @  2.5s F: 66, 77% @  1.0s
[Sun Apr 11 09:51:34.612 2021]  GV: 18/ 37/ 53 GS: 43/ 84/148 
[Sun Apr 11 09:52:15.013 2021] SQ# 1 VP#   38.00    ST# 1 A# 1 DPG s: 1         VE416 V8.0   9/ 5/2019  8:19: 6
[Sun Apr 11 09:52:15.123 2021] V1,1 D: 80%       s:12 P:  4,   7d @  4.0s D: 12, 25% @  2.5s F: 66, 77% @  1.0s
[Sun Apr 11 09:52:15.258 2021]  GV: 17/ 37/ 54 GS: 43/ 83/148 
[Sun Apr 11 09:52:42.836 2021] SQ# 1 VP#   39.00    ST# 1 A# 1 DPG s: 1         VE416 V8.0   9/ 5/2019  8:19:34
[Sun Apr 11 09:52:42.943 2021] V1,1 D: 80%       s:12 P:  4,   7d @  4.0s D: 12, 25% @  2.5s F: 66, 77% @  1.0s
[Sun Apr 11 09:52:43.081 2021]  GV: 17/ 37/ 55 GS: 43/ 83/149 
[Sun Apr 11 09:53:07.753 2021] SQ# 1 VP#   40.00    ST# 1 A# 1 DPG s: 1         VE416 V8.0   9/ 5/2019  8:19:58
[Sun Apr 11 09:53:07.899 2021] V1,1 D: 80%       s:12 P:  4,   7d @  4.0s D: 12, 24% @  2.5s F: 66, 76% @  1.0s
[Sun Apr 11 09:53:08.003 2021]  GV: 18/ 37/ 54 GS: 43/ 83/147 
[Sun Apr 11 09:53:34.148 2021] SQ# 1 VP#   41.00    ST# 1 A# 1 DPG s: 1         VE416 V8.0   9/ 5/2019  8:20:25
[Sun Apr 11 09:53:34.285 2021] V1,1 D: 80%       s:12 P:  4,   6d @  4.0s D: 13, 25% @  2.5s F: 66, 76% @  1.0s
[Sun Apr 11 09:53:34.388 2021]  GV: 18/ 37/ 54 GS: 43/ 83/147 
[Sun Apr 11 09:54:05.245 2021] SQ# 1 VP#   42.00    ST# 1 A# 1 DPG s: 1         VE416 V8.0   9/ 5/2019  8:20:56
[Sun Apr 11 09:54:05.385 2021] V1,1 D: 80%       s:12 P:  4,   6d @  4.0s D: 13, 25% @  2.5s F: 66, 77% @  1.0s
[Sun Apr 11 09:54:05.488 2021]  GV: 18/ 37/ 54 GS: 43/ 83/148 
[Sun Apr 11 09:54:31.071 2021] SQ# 1 VP#   43.00    ST# 1 A# 1 DPG s: 1         VE416 V8.0   9/ 5/2019  8:21:22
[Sun Apr 11 09:54:31.179 2021] V1,1 D: 80%       s:12 P:  4,   7d @  4.0s D: 12, 25% @  2.5s F: 66, 77% @  1.0s
[Sun Apr 11 09:54:31.313 2021]  GV: 18/ 37/ 55 GS: 43/ 83/147 
[Sun Apr 11 09:55:01.328 2021] SQ# 1 VP#   44.00    ST# 1 A# 1 DPG s: 1         VE416 V8.0   9/ 5/2019  8:21:52
[Sun Apr 11 09:55:01.437 2021] V1,1 D: 80%       s:12 P:  4,   7d @  4.0s D: 13, 25% @  2.5s F: 66, 77% @  1.0s
[Sun Apr 11 09:55:01.577 2021]  GV: 18/ 37/ 55 GS: 43/ 83/147 
[Sun Apr 11 10:01:01.470 2021] TIMING ERROR   DPG / DSD1,1
[Sun Apr 11 10:01:01.511 2021]  VP#    45 ST# 1
[Sun Apr 11 10:01:01.569 2021]  Delta time:   995 micro seconds      (Max :   922 micro seconds)
[Sun Apr 11 10:01:02.838 2021] SQ# 1 VP#   45.00    ST# 1 A# 1 DPG s: 1         VE416 V8.0   9/ 5/2019  8:27:54
[Sun Apr 11 10:01:02.945 2021] V1,1 D: 80%       s:19 P:  4,   7d @  4.0s D: 12, 24% @  2.5s F: 66, 77% @  1.0s
[Sun Apr 11 10:01:03.047 2021]  GV: 17/ 37/ 53 GS: 44/ 84/147 
[Sun Apr 11 10:01:32.108 2021] SQ# 1 VP#   46.00    ST# 1 A# 1 DPG s: 1         VE416 V8.0   9/ 5/2019  8:28:23
[Sun Apr 11 10:01:32.248 2021] V1,1 D: 80%       s:12 P:  4,   7d @  4.0s D: 12, 24% @  2.5s F: 66, 77% @  1.0s
[Sun Apr 11 10:01:32.350 2021]  GV: 17/ 37/ 54 GS: 43/ 83/147 
[Sun Apr 11 10:02:01.487 2021] SQ# 1 VP#   47.00    ST# 1 A# 1 DPG s: 1         VE416 V8.0   9/ 5/2019  8:28:52
[Sun Apr 11 10:02:01.595 2021] V1,1 D: 80%       s:12 P:  4,   6d @  4.0s D: 12, 25% @  2.5s F: 66, 77% @  1.0s
[Sun Apr 11 10:02:01.733 2021]  GV: 18/ 37/ 53 GS: 43/ 83/146 
[Sun Apr 11 10:02:30.118 2021] SQ# 1 VP#   48.00    ST# 1 A# 1 DPG s: 1         VE416 V8.0   9/ 5/2019  8:29:21
[Sun Apr 11 10:02:30.226 2021] V1,1 D: 80%       s:12 P:  4,   7d @  4.0s D: 12, 24% @  2.5s F: 66, 76% @  1.0s
[Sun Apr 11 10:02:30.363 2021]  GV: 18/ 37/ 54 GS: 43/ 83/146 
[Sun Apr 11 10:02:57.432 2021] SQ# 1 VP#   49.00    ST# 1 A# 1 DPG s: 1         VE416 V8.0   9/ 5/2019  8:29:48
[Sun Apr 11 10:02:57.539 2021] V1,1 D: 80%       s:12 P:  4,   6d @  4.0s D: 12, 24% @  2.5s F: 66, 76% @  1.0s
[Sun Apr 11 10:02:57.679 2021]  GV: 17/ 37/ 55 GS: 43/ 83/147 
[Sun Apr 11 10:03:22.547 2021] SQ# 1 VP#   50.00    ST# 1 A# 1 DPG s: 1         VE416 V8.0   9/ 5/2019  8:30:13
[Sun Apr 11 10:03:22.655 2021] V1,1 D: 80%       s:12 P:  4,   7d @  4.0s D: 12, 23% @  2.5s F: 66, 76% @  1.0s
[Sun Apr 11 10:03:22.789 2021]  GV: 17/ 37/ 54 GS: 43/ 83/147 
[Sun Apr 11 10:03:48.453 2021] SQ# 1 VP#   51.00    ST# 1 A# 1 DPG s: 1         VE416 V8.0   9/ 5/2019  8:30:39
[Sun Apr 11 10:03:48.560 2021] V1,1 D: 80%       s:12 P:  4,   7d @  4.0s D: 13, 24% @  2.5s F: 66, 77% @  1.0s
[Sun Apr 11 10:03:48.693 2021]  GV: 17/ 37/ 55 GS: 43/ 83/148 
[Sun Apr 11 10:08:13.280 2021] TIMING ERROR   DPG / DSD1,1
[Sun Apr 11 10:08:13.321 2021]  VP#    52 ST# 1
[Sun Apr 11 10:08:13.344 2021]  Delta time:   735 micro seconds      (Max :   732 micro seconds)
[Sun Apr 11 10:08:14.577 2021] SQ# 1 VP#   52.00    ST# 1 A# 1 DPG s: 1         VE416 V8.0   9/ 5/2019  8:35: 5
[Sun Apr 11 10:08:14.684 2021] V1,1 D: 80%       s:19 P:  4,   6d @  4.0s D: 12, 23% @  2.5s F: 66, 77% @  1.0s
[Sun Apr 11 10:08:14.829 2021]  GV: 18/ 37/ 53 GS: 43/ 84/147 
[Sun Apr 11 10:08:41.771 2021] SQ# 1 VP#   53.00    ST# 1 A# 1 DPG s: 1         VE416 V8.0   9/ 5/2019  8:35:33
[Sun Apr 11 10:08:41.917 2021] V1,1 D: 80%       s:12 P:  4,   6d @  4.0s D: 12, 24% @  2.5s F: 66, 76% @  1.0s
[Sun Apr 11 10:08:42.021 2021]  GV: 18/ 37/ 54 GS: 43/ 83/146 
[Sun Apr 11 10:09:08.245 2021] SQ# 1 VP#   54.00    ST# 1 A# 1 DPG s: 1         VE416 V8.0   9/ 5/2019  8:35:59
[Sun Apr 11 10:09:08.354 2021] V1,1 D: 80%       s:12 P:  4,   6d @  4.0s D: 12, 24% @  2.5s F: 66, 76% @  1.0s
[Sun Apr 11 10:09:08.494 2021]  GV: 18/ 37/ 54 GS: 43/ 83/146 
[Sun Apr 11 10:09:39.112 2021] SQ# 1 VP#   55.00    ST# 1 A# 1 DPG s: 1         VE416 V8.0   9/ 5/2019  8:36:30
[Sun Apr 11 10:09:39.220 2021] V1,1 D: 80%       s:12 P:  4,   7d @  4.0s D: 12, 24% @  2.5s F: 66, 77% @  1.0s
[Sun Apr 11 10:09:39.321 2021]  GV: 17/ 37/ 54 GS: 42/ 83/147 
[Sun Apr 11 10:10:08.381 2021] SQ# 1 VP#   56.00    ST# 1 A# 1 DPG s: 1         VE416 V8.0   9/ 5/2019  8:36:59
[Sun Apr 11 10:10:08.488 2021] V1,1 D: 80%       s:12 P:  4,   6d @  4.0s D: 12, 23% @  2.5s F: 66, 77% @  1.0s
[Sun Apr 11 10:10:08.630 2021]  GV: 18/ 37/ 54 GS: 43/ 83/147 
[Sun Apr 11 10:10:46.995 2021] SQ# 1 VP#   57.00    ST# 1 A# 1 DPG s: 1         VE416 V8.0   9/ 5/2019  8:37:38
[Sun Apr 11 10:10:47.143 2021] V1,1 D: 80%       s:12 P:  4,   6d @  4.0s D: 12, 24% @  2.5s F: 66, 76% @  1.0s
[Sun Apr 11 10:10:47.246 2021]  GV: 17/ 37/ 54 GS: 43/ 83/146 
[Sun Apr 11 10:11:12.871 2021] SQ# 1 VP#   58.00    ST# 1 A# 1 DPG s: 1         VE416 V8.0   9/ 5/2019  8:38: 4
[Sun Apr 11 10:11:13.011 2021] V1,1 D: 80%       s:12 P:  4,   7d @  4.0s D: 12, 24% @  2.5s F: 66, 77% @  1.0s
[Sun Apr 11 10:11:13.118 2021]  GV: 18/ 37/ 54 GS: 43/ 83/146 
[Sun Apr 11 10:16:44.861 2021] TIMING ERROR   DPG / DSD1,1
[Sun Apr 11 10:16:44.902 2021]  VP#    59 ST# 1
[Sun Apr 11 10:16:44.925 2021]  Delta time:   985 micro seconds      (Max :   866 micro seconds)
[Sun Apr 11 10:16:46.159 2021] SQ# 1 VP#   59.00    ST# 1 A# 1 DPG s: 1         VE416 V8.0   9/ 5/2019  8:43:37
[Sun Apr 11 10:16:46.301 2021] V1,1 D: 80%       s:19 P:  4,   6d @  4.0s D: 12, 23% @  2.5s F: 66, 77% @  1.0s
[Sun Apr 11 10:16:46.404 2021]  GV: 18/ 37/ 53 GS: 43/ 84/148 
[Sun Apr 11 10:17:16.546 2021] SQ# 1 VP#   60.00    ST# 1 A# 1 DPG s: 1         VE416 V8.0   9/ 5/2019  8:44: 7
[Sun Apr 11 10:17:16.654 2021] V1,1 D: 80%       s:12 P:  4,   6d @  4.0s D: 12, 23% @  2.5s F: 66, 76% @  1.0s
[Sun Apr 11 10:17:16.794 2021]  GV: 18/ 37/ 54 GS: 43/ 84/147 
[Sun Apr 11 10:17:46.814 2021] SQ# 1 VP#   61.00    ST# 1 A# 1 DPG s: 1         VE416 V8.0   9/ 5/2019  8:44:38
[Sun Apr 11 10:17:46.922 2021] V1,1 D: 80%       s:12 P:  4,   6d @  4.0s D: 12, 23% @  2.5s F: 66, 77% @  1.0s
[Sun Apr 11 10:17:47.057 2021]  GV: 18/ 37/ 53 GS: 43/ 84/147 
[Sun Apr 11 10:18:17.472 2021] SQ# 1 VP#   62.00    ST# 1 A# 1 DPG s: 1         VE416 V8.0   9/ 5/2019  8:45: 8
[Sun Apr 11 10:18:17.580 2021] V1,1 D: 80%       s:12 P:  4,   6d @  4.0s D: 12, 24% @  2.5s F: 66, 77% @  1.0s
[Sun Apr 11 10:18:17.719 2021]  GV: 18/ 37/ 55 GS: 43/ 84/148 
[Sun Apr 11 10:18:45.944 2021] SQ# 1 VP#   63.00    ST# 1 A# 1 DPG s: 1         VE416 V8.0   9/ 5/2019  8:45:37
[Sun Apr 11 10:18:46.054 2021] V1,1 D: 80%       s:12 P:  4,   7d @  4.0s D: 12, 23% @  2.5s F: 66, 77% @  1.0s
[Sun Apr 11 10:18:46.153 2021]  GV: 18/ 37/ 54 GS: 43/ 83/147 
[Sun Apr 11 10:19:13.327 2021] SQ# 1 VP#   64.00    ST# 1 A# 1 DPG s: 1         VE416 V8.0   9/ 5/2019  8:46: 4
[Sun Apr 11 10:19:13.434 2021] V1,1 D: 80%       s:12 P:  4,   6d @  4.0s D: 12, 23% @  2.5s F: 66, 77% @  1.0s
[Sun Apr 11 10:19:13.576 2021]  GV: 18/ 37/ 53 GS: 43/ 83/146 
[Sun Apr 11 10:19:37.924 2021] SQ# 1 VP#   65.00    ST# 1 A# 1 DPG s: 1         VE416 V8.0   9/ 5/2019  8:46:29
[Sun Apr 11 10:19:38.032 2021] V1,1 D: 80%       s:12 P:  4,   7d @  4.0s D: 12, 23% @  2.5s F: 66, 76% @  1.0s
[Sun Apr 11 10:19:38.176 2021]  GV: 17/ 37/ 54 GS: 43/ 83/146 
[Sun Apr 11 10:20:21.929 2021] SQ# 1 VP#   66.00    ST# 1 A# 1 DPG s: 1         VE416 V8.0   9/ 5/2019  8:47:13
[Sun Apr 11 10:20:22.068 2021] V1,1 D: 80%       s:12 P:  4,   6d @  4.0s D: 12, 23% @  2.5s F: 66, 77% @  1.0s
[Sun Apr 11 10:20:22.171 2021]  GV: 17/ 37/ 53 GS: 43/ 84/147 
[Sun Apr 11 10:20:50.310 2021] SQ# 1 VP#   67.00    ST# 1 A# 1 DPG s: 1         VE416 V8.0   9/ 5/2019  8:47:41
[Sun Apr 11 10:20:50.418 2021] V1,1 D: 80%       s:12 P:  4,   6d @  4.0s D: 13, 23% @  2.5s F: 66, 77% @  1.0s
[Sun Apr 11 10:20:50.559 2021]  GV: 18/ 37/ 53 GS: 43/ 83/146 
[Sun Apr 11 10:21:18.302 2021] SQ# 1 VP#   68.00    ST# 1 A# 1 DPG s: 1         VE416 V8.0   9/ 5/2019  8:48: 9
[Sun Apr 11 10:21:18.441 2021] V1,1 D: 80%       s:12 P:  4,   7d @  4.0s D: 12, 23% @  2.5s F: 66, 77% @  1.0s
[Sun Apr 11 10:21:18.543 2021]  GV: 18/ 37/ 53 GS: 43/ 83/145 
[Sun Apr 11 10:21:45.844 2021] SQ# 1 VP#   69.00    ST# 1 A# 1 DPG s: 1         VE416 V8.0   9/ 5/2019  8:48:37
[Sun Apr 11 10:21:45.951 2021] V1,1 D: 80%       s:12 P:  4,   6d @  4.0s D: 12, 23% @  2.5s F: 66, 77% @  1.0s
[Sun Apr 11 10:21:46.089 2021]  GV: 17/ 37/ 54 GS: 43/ 83/146 
[Sun Apr 11 10:22:21.224 2021] SQ# 1 VP#   70.00    ST# 1 A# 1 DPG s: 1         VE416 V8.0   9/ 5/2019  8:49:12
[Sun Apr 11 10:22:21.365 2021] V1,1 D: 80%       s:12 P:  4,   7d @  4.0s D: 12, 24% @  2.5s F: 66, 77% @  1.0s
[Sun Apr 11 10:22:21.466 2021]  GV: 17/ 37/ 54 GS: 43/ 83/147 
[Sun Apr 11 10:27:37.321 2021] TIMING ERROR   DPG / DSD1,1
[Sun Apr 11 10:27:37.364 2021]  VP#    71 ST# 1
[Sun Apr 11 10:27:37.386 2021]  Delta time:   840 micro seconds      (Max :   834 micro seconds)
[Sun Apr 11 10:27:38.659 2021] SQ# 1 VP#   71.00    ST# 1 A# 1 DPG s: 1         VE416 V8.0   9/ 5/2019  8:54:29
[Sun Apr 11 10:27:38.767 2021] V1,1 D: 80%       s:19 P:  4,   6d @  4.0s D: 12, 22% @  2.5s F: 66, 76% @  1.0s
[Sun Apr 11 10:27:38.904 2021]  GV: 17/ 37/ 52 GS: 43/ 84/147 
[Sun Apr 11 10:28:13.080 2021] SQ# 1 VP#   72.00    ST# 1 A# 1 DPG s: 1         VE416 V8.0   9/ 5/2019  8:55: 4
[Sun Apr 11 10:28:13.222 2021] V1,1 D: 80%       s:12 P:  4,   6d @  4.0s D: 12, 23% @  2.5s F: 66, 77% @  1.0s
[Sun Apr 11 10:28:13.325 2021]  GV: 17/ 37/ 52 GS: 43/ 84/147 
[Sun Apr 11 10:28:44.267 2021] SQ# 1 VP#   73.00    ST# 1 A# 1 DPG s: 1         VE416 V8.0   9/ 5/2019  8:55:35
[Sun Apr 11 10:28:44.374 2021] V1,1 D: 80%       s:12 P:  4,   6d @  4.0s D: 13, 24% @  2.5s F: 66, 77% @  1.0s
[Sun Apr 11 10:28:44.508 2021]  GV: 18/ 37/ 51 GS: 43/ 84/145 
[Sun Apr 11 10:29:12.448 2021] SQ# 1 VP#   74.00    ST# 1 A# 1 DPG s: 1         VE416 V8.0   9/ 5/2019  8:56: 3
[Sun Apr 11 10:29:12.593 2021] V1,1 D: 80%       s:12 P:  4,   6d @  4.0s D: 12, 23% @  2.5s F: 66, 77% @  1.0s
[Sun Apr 11 10:29:12.696 2021]  GV: 17/ 37/ 52 GS: 43/ 84/145 
[Sun Apr 11 10:29:43.116 2021] SQ# 1 VP#   75.00    ST# 1 A# 1 DPG s: 1         VE416 V8.0   9/ 5/2019  8:56:34
[Sun Apr 11 10:29:43.255 2021] V1,1 D: 80%       s:12 P:  4,   6d @  4.0s D: 12, 24% @  2.5s F: 66, 76% @  1.0s
[Sun Apr 11 10:29:43.358 2021]  GV: 18/ 37/ 54 GS: 43/ 84/146 
[Sun Apr 11 10:30:13.813 2021] SQ# 1 VP#   76.00    ST# 1 A# 1 DPG s: 1         VE416 V8.0   9/ 5/2019  8:57: 5
[Sun Apr 11 10:30:13.957 2021] V1,1 D: 80%       s:12 P:  4,   6d @  4.0s D: 12, 23% @  2.5s F: 66, 77% @  1.0s
[Sun Apr 11 10:30:14.060 2021]  GV: 16/ 37/ 54 GS: 42/ 84/147 
[Sun Apr 11 10:30:49.432 2021] SQ# 1 VP#   77.00    ST# 1 A# 1 DPG s: 1         VE416 V8.0   9/ 5/2019  8:57:40
[Sun Apr 11 10:30:49.539 2021] V1,1 D: 80%       s:12 P:  4,   6d @  4.0s D: 12, 23% @  2.5s F: 66, 76% @  1.0s
[Sun Apr 11 10:30:49.673 2021]  GV: 18/ 37/ 54 GS: 43/ 84/147 
[Sun Apr 11 10:31:33.067 2021] SQ# 1 VP#   78.00    ST# 1 A# 1 DPG s: 1         VE416 V8.0   9/ 5/2019  8:58:24
[Sun Apr 11 10:31:33.206 2021] V1,1 D: 80%       s:12 P:  4,   6d @  4.0s D: 12, 23% @  2.5s F: 66, 76% @  1.0s
[Sun Apr 11 10:31:33.314 2021]  GV: 18/ 37/ 51 GS: 43/ 84/145 
[Sun Apr 11 10:32:02.536 2021] SQ# 1 VP#   79.00    ST# 1 A# 1 DPG s: 1         VE416 V8.0   9/ 5/2019  8:58:53
[Sun Apr 11 10:32:02.643 2021] V1,1 D: 80%       s:12 P:  4,   6d @  4.0s D: 12, 23% @  2.5s F: 66, 76% @  1.0s
[Sun Apr 11 10:32:02.784 2021]  GV: 17/ 37/ 53 GS: 42/ 84/146 
[Sun Apr 11 10:36:36.906 2021] SQ# 1 VP#   80.00    ST# 1 A# 1 DPG s: 1         VE416 V8.0   9/ 5/2019  9: 3:28
[Sun Apr 11 10:36:37.014 2021] V1,1 D: 80%       s:12 P:  4,   6d @  4.0s D: 12, 22% @  2.5s F: 66, 77% @  1.0s
[Sun Apr 11 10:36:37.147 2021]  GV: 18/ 37/ 49 GS: 43/ 84/144 
[Sun Apr 11 10:37:04.808 2021] SQ# 1 VP#   81.00    ST# 1 A# 1 DPG s: 1         VE416 V8.0   9/ 5/2019  9: 3:56
[Sun Apr 11 10:37:04.915 2021] V1,1 D: 80%       s:12 P:  4,   6d @  4.0s D: 12, 23% @  2.5s F: 66, 77% @  1.0s
[Sun Apr 11 10:37:05.019 2021]  GV: 17/ 37/ 52 GS: 43/ 84/146 
[Sun Apr 11 10:37:42.534 2021] SQ# 1 VP#   82.00    ST# 1 A# 1 DPG s: 1         VE416 V8.0   9/ 5/2019  9: 4:33
[Sun Apr 11 10:37:42.674 2021] V1,1 D: 80%       s:12 P:  4,   7d @  4.0s D: 12, 23% @  2.5s F: 66, 76% @  1.0s
[Sun Apr 11 10:37:42.776 2021]  GV: 18/ 37/ 54 GS: 43/ 84/148 
[Sun Apr 11 10:39:45.033 2021] SQ# 1 VP#   83.00    ST# 1 A# 1 DPG s: 1         VE416 V8.0   9/ 5/2019  9: 6:36
[Sun Apr 11 10:39:45.140 2021] V1,1 D: 80%       s:12 P:  4,   6d @  4.0s D: 12, 23% @  2.5s F: 66, 76% @  1.0s
[Sun Apr 11 10:39:45.275 2021]  GV: 17/ 37/ 52 GS: 43/ 84/147 
[Sun Apr 11 10:40:11.778 2021] SQ# 1 VP#   84.00    ST# 1 A# 1 DPG s: 1         VE416 V8.0   9/ 5/2019  9: 7: 3
[Sun Apr 11 10:40:11.921 2021] V1,1 D: 80%       s:12 P:  4,   7d @  4.0s D: 12, 23% @  2.5s F: 66, 77% @  1.0s
[Sun Apr 11 10:40:12.022 2021]  GV: 17/ 37/ 52 GS: 43/ 84/147 
[Sun Apr 11 10:43:26.883 2021] SQ# 1 VP#   85.00    ST# 1 A# 1 DPG s: 1         VE416 V8.0   9/ 5/2019  9:10:18
[Sun Apr 11 10:43:26.992 2021] V1,1 D: 80%       s:12 P:  4,   6d @  4.0s D: 12, 22% @  2.5s F: 66, 77% @  1.0s
[Sun Apr 11 10:43:27.094 2021]  GV: 18/ 37/ 51 GS: 42/ 84/147 
[Sun Apr 11 10:44:19.902 2021] SQ# 1 VP#   86.00    ST# 1 A# 1 DPG s: 1         VE416 V8.0   9/ 5/2019  9:11:11
[Sun Apr 11 10:44:20.041 2021] V1,1 D: 80%       s:12 P:  4,   6d @  4.0s D: 12, 23% @  2.5s F: 66, 76% @  1.0s
[Sun Apr 11 10:44:20.149 2021]  GV: 18/ 37/ 53 GS: 44/ 84/147 
[Sun Apr 11 10:44:50.569 2021] SQ# 1 VP#   87.00    ST# 1 A# 1 DPG s: 1         VE416 V8.0   9/ 5/2019  9:11:41
[Sun Apr 11 10:44:50.677 2021] V1,1 D: 80%       s:12 P:  4,   6d @  4.0s D: 12, 23% @  2.5s F: 66, 77% @  1.0s
[Sun Apr 11 10:44:50.811 2021]  GV: 18/ 37/ 53 GS: 43/ 84/147 
[Sun Apr 11 10:45:43.229 2021] SQ# 1 VP#   88.00    ST# 1 A# 1 DPG s: 1         VE416 V8.0   9/ 5/2019  9:12:34
[Sun Apr 11 10:45:43.369 2021] V1,1 D: 80%       s:12 P:  4,   6d @  4.0s D: 12, 22% @  2.5s F: 66, 76% @  1.0s
[Sun Apr 11 10:45:43.476 2021]  GV: 17/ 37/ 53 GS: 43/ 84/147 
[Sun Apr 11 10:46:11.021 2021] SQ# 1 VP#   89.00    ST# 1 A# 1 DPG s: 1         VE416 V8.0   9/ 5/2019  9:13: 2
[Sun Apr 11 10:46:11.159 2021] V1,1 D: 80%       s:12 P:  4,   6d @  4.0s D: 12, 23% @  2.5s F: 66, 77% @  1.0s
[Sun Apr 11 10:46:11.261 2021]  GV: 17/ 37/ 53 GS: 43/ 84/148 
[Sun Apr 11 10:46:39.442 2021] SQ# 1 VP#   90.00    ST# 1 A# 1 DPG s: 1         VE416 V8.0   9/ 5/2019  9:13:30
[Sun Apr 11 10:46:39.583 2021] V1,1 D: 80%       s:12 P:  4,   6d @  4.0s D: 12, 22% @  2.5s F: 66, 76% @  1.0s
[Sun Apr 11 10:46:39.685 2021]  GV: 18/ 37/ 53 GS: 43/ 84/146 
[Sun Apr 11 10:47:19.883 2021] SQ# 1 VP#   91.00    ST# 1 A# 1 DPG s: 1         VE416 V8.0   9/ 5/2019  9:14:11
[Sun Apr 11 10:47:20.022 2021] V1,1 D: 80%       s:12 P:  4,   6d @  4.0s D: 12, 23% @  2.5s F: 66, 77% @  1.0s
[Sun Apr 11 10:47:20.124 2021]  GV: 18/ 37/ 53 GS: 43/ 84/148 
[Sun Apr 11 10:54:14.323 2021] TIMING ERROR   DPG / DSD1,1
[Sun Apr 11 10:54:14.364 2021]  VP#    92 ST# 1
[Sun Apr 11 10:54:14.386 2021]  Delta time:  1115 micro seconds      (Max :  1031 micro seconds)
[Sun Apr 11 10:54:15.820 2021] SQ# 1 VP#   92.00    ST# 1 A# 1 DPG s: 1         VE416 V8.0   9/ 5/2019  9:21: 6
[Sun Apr 11 10:54:15.927 2021] V1,1 D: 80%       s:19 P:  4,   6d @  4.0s D: 12, 22% @  2.5s F: 66, 76% @  1.0s
[Sun Apr 11 10:54:16.063 2021]  GV: 17/ 37/ 53 GS: 43/ 85/147 
[Sun Apr 11 10:54:43.442 2021] SQ# 1 VP#   93.00    ST# 1 A# 1 DPG s: 1         VE416 V8.0   9/ 5/2019  9:21:34
[Sun Apr 11 10:54:43.583 2021] V1,1 D: 80%       s:12 P:  4,   6d @  4.0s D: 12, 23% @  2.5s F: 66, 77% @  1.0s
[Sun Apr 11 10:54:43.688 2021]  GV: 18/ 37/ 53 GS: 43/ 84/148 
[Sun Apr 11 10:55:20.299 2021] SQ# 1 VP#   94.00    ST# 1 A# 1 DPG s: 1         VE416 V8.0   9/ 5/2019  9:22:11
[Sun Apr 11 10:55:20.406 2021] V1,1 D: 80%       s:12 P:  4,   6d @  4.0s D: 12, 23% @  2.5s F: 66, 77% @  1.0s
[Sun Apr 11 10:55:20.548 2021]  GV: 18/ 37/ 52 GS: 43/ 84/147 
[Sun Apr 11 10:55:48.531 2021] SQ# 1 VP#   95.00    ST# 1 A# 1 DPG s: 1         VE416 V8.0   9/ 5/2019  9:22:39
[Sun Apr 11 10:55:48.639 2021] V1,1 D: 80%       s:12 P:  4,   6d @  4.0s D: 12, 22% @  2.5s F: 66, 77% @  1.0s
[Sun Apr 11 10:55:48.740 2021]  GV: 17/ 37/ 53 GS: 43/ 84/147 
[Sun Apr 11 10:56:20.426 2021] SQ# 1 VP#   96.00    ST# 1 A# 1 DPG s: 1         VE416 V8.0   9/ 5/2019  9:23:11
[Sun Apr 11 10:56:20.533 2021] V1,1 D: 80%       s:12 P:  4,   6d @  4.0s D: 12, 23% @  2.5s F: 66, 77% @  1.0s
[Sun Apr 11 10:56:20.666 2021]  GV: 18/ 37/ 53 GS: 43/ 84/147 
[Sun Apr 11 10:56:52.002 2021] SQ# 1 VP#   97.00    ST# 1 A# 1 DPG s: 1         VE416 V8.0   9/ 5/2019  9:23:43
[Sun Apr 11 10:56:52.110 2021] V1,1 D: 80%       s:12 P:  4,   6d @  4.0s D: 12, 23% @  2.5s F: 66, 77% @  1.0s
[Sun Apr 11 10:56:52.248 2021]  GV: 17/ 37/ 54 GS: 43/ 84/147 
[Sun Apr 11 10:57:24.147 2021] SQ# 1 VP#   98.00    ST# 1 A# 1 DPG s: 1         VE416 V8.0   9/ 5/2019  9:24:15
[Sun Apr 11 10:57:24.296 2021] V1,1 D: 80%       s:12 P:  4,   6d @  4.0s D: 12, 23% @  2.5s F: 66, 76% @  1.0s
[Sun Apr 11 10:57:24.394 2021]  GV: 17/ 37/ 54 GS: 43/ 84/147 
[Sun Apr 11 10:57:54.774 2021] SQ# 1 VP#   99.00    ST# 1 A# 1 DPG s: 1         VE416 V8.0   9/ 5/2019  9:24:46
[Sun Apr 11 10:57:54.924 2021] V1,1 D: 80%       s:12 P:  4,   6d @  4.0s D: 12, 23% @  2.5s F: 66, 77% @  1.0s
[Sun Apr 11 10:57:55.025 2021]  GV: 17/ 37/ 54 GS: 43/ 84/146 
[Sun Apr 11 10:58:21.928 2021] SQ# 1 VP#  100.00    ST# 1 A# 1 DPG s: 1         VE416 V8.0   9/ 5/2019  9:25:13
[Sun Apr 11 10:58:22.071 2021] V1,1 D: 80%       s:12 P:  4,   6d @  4.0s D: 12, 23% @  2.5s F: 66, 76% @  1.0s
[Sun Apr 11 10:58:22.173 2021]  GV: 18/ 37/ 53 GS: 43/ 84/146 
[Sun Apr 11 10:59:12.721 2021] SQ# 1 VP#  101.00    ST# 1 A# 1 DPG s: 1         VE416 V8.0   9/ 5/2019  9:26: 4
[Sun Apr 11 10:59:12.829 2021] V1,1 D: 80%       s:12 P:  4,   6d @  4.0s D: 12, 22% @  2.5s F: 66, 76% @  1.0s
[Sun Apr 11 10:59:12.962 2021]  GV: 17/ 37/ 53 GS: 43/ 84/147 
[Sun Apr 11 11:00:12.768 2021] SQ# 1 VP#  102.00    ST# 1 A# 1 DPG s: 1         VE416 V8.0   9/ 5/2019  9:27: 4
[Sun Apr 11 11:00:12.907 2021] V1,1 D: 80%       s:12 P:  4,   6d @  4.0s D: 12, 22% @  2.5s F: 66, 77% @  1.0s
[Sun Apr 11 11:00:13.017 2021]  GV: 17/ 37/ 53 GS: 43/ 84/147 
[Sun Apr 11 11:00:42.277 2021] SQ# 1 VP#  103.00    ST# 1 A# 1 DPG s: 1         VE416 V8.0   9/ 5/2019  9:27:33
[Sun Apr 11 11:00:42.421 2021] V1,1 D: 80%       s:12 P:  4,   6d @  4.0s D: 12, 22% @  2.5s F: 66, 77% @  1.0s
[Sun Apr 11 11:00:42.522 2021]  GV: 17/ 37/ 53 GS: 43/ 84/147 
[Sun Apr 11 11:01:13.344 2021] SQ# 1 VP#  104.00    ST# 1 A# 1 DPG s: 1         VE416 V8.0   9/ 5/2019  9:28: 4
[Sun Apr 11 11:01:13.450 2021] V1,1 D: 80%       s:12 P:  4,   6d @  4.0s D: 12, 23% @  2.5s F: 66, 77% @  1.0s
[Sun Apr 11 11:01:13.583 2021]  GV: 18/ 37/ 53 GS: 43/ 84/147 
[Sun Apr 11 11:01:44.370 2021] SQ# 1 VP#  105.00    ST# 1 A# 1 DPG s: 1         VE416 V8.0   9/ 5/2019  9:28:35
[Sun Apr 11 11:01:44.478 2021] V1,1 D: 80%       s:12 P:  4,   6d @  4.0s D: 12, 23% @  2.5s F: 66, 77% @  1.0s
[Sun Apr 11 11:01:44.615 2021]  GV: 18/ 37/ 54 GS: 43/ 84/147 
[Sun Apr 11 11:02:27.776 2021] SQ# 1 VP#  106.00    ST# 1 A# 1 DPG s: 1         VE416 V8.0   9/ 5/2019  9:29:19
[Sun Apr 11 11:02:27.922 2021] V1,1 D: 80%       s:12 P:  4,   6d @  4.0s D: 12, 23% @  2.5s F: 66, 77% @  1.0s
[Sun Apr 11 11:02:28.025 2021]  GV: 17/ 37/ 54 GS: 43/ 84/147 
[Sun Apr 11 11:03:19.887 2021] SQ# 1 VP#  107.00    ST# 1 A# 1 DPG s: 1         VE416 V8.0   9/ 5/2019  9:30:11
[Sun Apr 11 11:03:19.994 2021] V1,1 D: 80%       s:12 P:  4,   6d @  4.0s D: 12, 22% @  2.5s F: 66, 76% @  1.0s
[Sun Apr 11 11:03:20.132 2021]  GV: 18/ 37/ 54 GS: 43/ 84/146 
[Sun Apr 11 11:10:30.389 2021] TIMING ERROR   DPG / DSD1,1
[Sun Apr 11 11:10:30.430 2021]  VP#   108 ST# 1
[Sun Apr 11 11:10:30.452 2021]  Delta time:  1130 micro seconds      (Max :  1063 micro seconds)
[Sun Apr 11 11:10:31.726 2021] SQ# 1 VP#  108.00    ST# 1 A# 1 DPG s: 1         VE416 V8.0   9/ 5/2019  9:37:23
[Sun Apr 11 11:10:31.834 2021] V1,1 D: 80%       s:19 P:  4,   6d @  4.0s D: 12, 22% @  2.5s F: 66, 77% @  1.0s
[Sun Apr 11 11:10:31.969 2021]  GV: 17/ 37/ 53 GS: 43/ 85/147 
[Sun Apr 11 11:10:59.029 2021] SQ# 1 VP#  109.00    ST# 1 A# 1 DPG s: 1         VE416 V8.0   9/ 5/2019  9:37:50
[Sun Apr 11 11:10:59.137 2021] V1,1 D: 80%       s:12 P:  4,   6d @  4.0s D: 12, 22% @  2.5s F: 66, 76% @  1.0s
[Sun Apr 11 11:10:59.272 2021]  GV: 18/ 37/ 54 GS: 43/ 84/146 
[Sun Apr 11 11:11:28.169 2021] SQ# 1 VP#  110.00    ST# 1 A# 1 DPG s: 1         VE416 V8.0   9/ 5/2019  9:38:19
[Sun Apr 11 11:11:28.275 2021] V1,1 D: 80%       s:12 P:  4,   6d @  4.0s D: 12, 22% @  2.5s F: 66, 76% @  1.0s
[Sun Apr 11 11:11:28.412 2021]  GV: 17/ 37/ 54 GS: 43/ 84/147 
[Sun Apr 11 11:11:53.875 2021] SQ# 1 VP#  111.00    ST# 1 A# 1 DPG s: 1         VE416 V8.0   9/ 5/2019  9:38:45
[Sun Apr 11 11:11:54.022 2021] V1,1 D: 80%       s:12 P:  4,   6d @  4.0s D: 12, 22% @  2.5s F: 66, 77% @  1.0s
[Sun Apr 11 11:11:54.125 2021]  GV: 18/ 37/ 51 GS: 43/ 84/146 
[Sun Apr 11 11:12:17.434 2021] SQ# 1 VP#  112.00    ST# 1 A# 1 DPG s: 1         VE416 V8.0   9/ 5/2019  9:39: 8
[Sun Apr 11 11:12:17.542 2021] V1,1 D: 80%       s:12 P:  4,   7d @  4.0s D: 12, 22% @  2.5s F: 66, 76% @  1.0s
[Sun Apr 11 11:12:17.645 2021]  GV: 17/ 37/ 54 GS: 43/ 84/147 
[Sun Apr 11 11:12:39.986 2021] SQ# 1 VP#  113.00    ST# 1 A# 1 DPG s: 1         VE416 V8.0   9/ 5/2019  9:39:31
[Sun Apr 11 11:12:40.093 2021] V1,1 D: 80%       s:12 P:  4,   6d @  4.0s D: 12, 22% @  2.5s F: 66, 76% @  1.0s
[Sun Apr 11 11:12:40.235 2021]  GV: 17/ 37/ 54 GS: 43/ 84/147 
[Sun Apr 11 11:13:01.948 2021] SQ# 1 VP#  114.00    ST# 1 A# 1 DPG s: 1         VE416 V8.0   9/ 5/2019  9:39:53
[Sun Apr 11 11:13:02.057 2021] V1,1 D: 80%       s:12 P:  4,   6d @  4.0s D: 12, 22% @  2.5s F: 66, 76% @  1.0s
[Sun Apr 11 11:13:02.193 2021]  GV: 18/ 37/ 54 GS: 43/ 84/147 
[Sun Apr 11 11:20:12.131 2021] TIMING ERROR   DPG / DSD1,1
[Sun Apr 11 11:20:12.172 2021]  VP#   115 ST# 1
[Sun Apr 11 11:20:12.197 2021]  Delta time:  1125 micro seconds      (Max :  1062 micro seconds)
[Sun Apr 11 11:20:13.458 2021] SQ# 1 VP#  115.00    ST# 1 A# 1 DPG s: 1         VE416 V8.0   9/ 5/2019  9:47: 4
[Sun Apr 11 11:20:13.598 2021] V1,1 D: 80%       s:19 P:  4,   6d @  4.0s D: 12, 22% @  2.5s F: 66, 76% @  1.0s
[Sun Apr 11 11:20:13.705 2021]  GV: 18/ 37/ 48 GS: 43/ 85/140 
[Sun Apr 11 11:20:57.024 2021] SQ# 1 VP#  116.00    ST# 1 A# 1 DPG s: 1         VE416 V8.0   9/ 5/2019  9:47:48
[Sun Apr 11 11:20:57.132 2021] V1,1 D: 80%       s:12 P:  4,   6d @  4.0s D: 12, 22% @  2.5s F: 66, 76% @  1.0s
[Sun Apr 11 11:20:57.233 2021]  GV: 17/ 37/ 53 GS: 43/ 85/147 
[Sun Apr 11 11:21:21.741 2021] SQ# 1 VP#  117.00    ST# 1 A# 1 DPG s: 1         VE416 V8.0   9/ 5/2019  9:48:13
[Sun Apr 11 11:21:21.883 2021] V1,1 D: 80%       s:12 P:  4,   7d @  4.0s D: 12, 22% @  2.5s F: 66, 76% @  1.0s
[Sun Apr 11 11:21:21.985 2021]  GV: 17/ 37/ 50 GS: 43/ 84/144 
[Sun Apr 11 11:21:49.044 2021] SQ# 1 VP#  118.00    ST# 1 A# 1 DPG s: 1         VE416 V8.0   9/ 5/2019  9:48:40
[Sun Apr 11 11:21:49.152 2021] V1,1 D: 80%       s:12 P:  4,   6d @  4.0s D: 12, 23% @  2.5s F: 66, 76% @  1.0s
[Sun Apr 11 11:21:49.254 2021]  GV: 17/ 37/ 52 GS: 43/ 84/146 
[Sun Apr 11 11:22:13.642 2021] SQ# 1 VP#  119.00    ST# 1 A# 1 DPG s: 1         VE416 V8.0   9/ 5/2019  9:49: 5
[Sun Apr 11 11:22:13.781 2021] V1,1 D: 80%       s:12 P:  4,   6d @  4.0s D: 12, 22% @  2.5s F: 66, 76% @  1.0s
[Sun Apr 11 11:22:13.889 2021]  GV: 16/ 37/ 54 GS: 43/ 84/147 
[Sun Apr 11 11:22:38.599 2021] SQ# 1 VP#  120.00    ST# 1 A# 1 DPG s: 1         VE416 V8.0   9/ 5/2019  9:49:29
[Sun Apr 11 11:22:38.707 2021] V1,1 D: 80%       s:12 P:  4,   6d @  4.0s D: 12, 23% @  2.5s F: 66, 76% @  1.0s
[Sun Apr 11 11:22:38.810 2021]  GV: 17/ 37/ 52 GS: 43/ 84/146 
[Sun Apr 11 11:23:04.715 2021] SQ# 1 VP#  121.00    ST# 1 A# 1 DPG s: 1         VE416 V8.0   9/ 5/2019  9:49:56
[Sun Apr 11 11:23:04.822 2021] V1,1 D: 80%       s:12 P:  4,   6d @  4.0s D: 12, 22% @  2.5s F: 66, 76% @  1.0s
[Sun Apr 11 11:23:04.954 2021]  GV: 17/ 37/ 53 GS: 43/ 84/146 
[Sun Apr 11 11:31:31.047 2021] TIMING ERROR   DPG / DSD1,1
[Sun Apr 11 11:31:31.088 2021]  VP#   122 ST# 1
[Sun Apr 11 11:31:31.111 2021]  Delta time:  1295 micro seconds      (Max :  1215 micro seconds)
[Sun Apr 11 11:31:32.374 2021] SQ# 1 VP#  122.00    ST# 1 A# 1 DPG s: 1         VE416 V8.0   9/ 5/2019  9:58:23
[Sun Apr 11 11:31:32.481 2021] V1,1 D: 80%       s:19 P:  4,   6d @  4.0s D: 12, 22% @  2.5s F: 66, 77% @  1.0s
[Sun Apr 11 11:31:32.621 2021]  GV: 18/ 37/ 46 GS: 43/ 85/140 
[Sun Apr 11 11:32:35.426 2021] SQ# 1 VP#  123.00    ST# 1 A# 1 DPG s: 1         VE416 V8.0   9/ 5/2019  9:59:26
[Sun Apr 11 11:32:35.570 2021] V1,1 D: 80%       s:12 P:  4,   6d @  4.0s D: 12, 22% @  2.5s F: 66, 76% @  1.0s
[Sun Apr 11 11:32:35.672 2021]  GV: 18/ 37/ 51 GS: 43/ 85/147 
[Sun Apr 11 11:33:05.774 2021] SQ# 1 VP#  124.00    ST# 1 A# 1 DPG s: 1         VE416 V8.0   9/ 5/2019  9:59:57
[Sun Apr 11 11:33:05.914 2021] V1,1 D: 80%       s:12 P:  4,   7d @  4.0s D: 12, 22% @  2.5s F: 66, 77% @  1.0s
[Sun Apr 11 11:33:06.022 2021]  GV: 17/ 37/ 53 GS: 43/ 85/148 
[Sun Apr 11 11:33:42.791 2021] SQ# 1 VP#  125.00    ST# 1 A# 1 DPG s: 1         VE416 V8.0   9/ 5/2019 10: 0:34
[Sun Apr 11 11:33:42.936 2021] V1,1 D: 80%       s:12 P:  4,   6d @  4.0s D: 12, 22% @  2.5s F: 66, 76% @  1.0s
[Sun Apr 11 11:33:43.040 2021]  GV: 17/ 37/ 52 GS: 43/ 85/147 
[Sun Apr 11 11:34:07.668 2021] SQ# 1 VP#  126.00    ST# 1 A# 1 DPG s: 1         VE416 V8.0   9/ 5/2019 10: 0:59
[Sun Apr 11 11:34:07.777 2021] V1,1 D: 80%       s:12 P:  4,   7d @  4.0s D: 12, 22% @  2.5s F: 66, 76% @  1.0s
[Sun Apr 11 11:34:07.916 2021]  GV: 17/ 37/ 52 GS: 43/ 85/144 
[Sun Apr 11 11:34:35.301 2021] SQ# 1 VP#  127.00    ST# 1 A# 1 DPG s: 1         VE416 V8.0   9/ 5/2019 10: 1:26
[Sun Apr 11 11:34:35.445 2021] V1,1 D: 80%       s:12 P:  4,   6d @  4.0s D: 12, 23% @  2.5s F: 66, 76% @  1.0s
[Sun Apr 11 11:34:35.547 2021]  GV: 18/ 37/ 53 GS: 43/ 85/147 
[Sun Apr 11 11:35:06.607 2021] SQ# 1 VP#  128.00    ST# 1 A# 1 DPG s: 1         VE416 V8.0   9/ 5/2019 10: 1:57
[Sun Apr 11 11:35:06.744 2021] V1,1 D: 80%       s:12 P:  4,   6d @  4.0s D: 12, 22% @  2.5s F: 66, 77% @  1.0s
[Sun Apr 11 11:35:06.848 2021]  GV: 17/ 37/ 52 GS: 43/ 84/146 
[Sun Apr 11 11:44:10.784 2021] TIMING ERROR   DPG / DSD1,1
[Sun Apr 11 11:44:10.826 2021]  VP#   129 ST# 1
[Sun Apr 11 11:44:10.848 2021]  Delta time:  1450 micro seconds      (Max :  1290 micro seconds)
[Sun Apr 11 11:44:12.082 2021] SQ# 1 VP#  129.00    ST# 1 A# 1 DPG s: 1         VE416 V8.0   9/ 5/2019 10:11: 3
[Sun Apr 11 11:44:12.229 2021] V1,1 D: 80%       s:19 P:  4,   6d @  4.0s D: 12, 22% @  2.5s F: 66, 76% @  1.0s
[Sun Apr 11 11:44:12.332 2021]  GV: 18/ 37/ 50 GS: 43/ 86/148 
[Sun Apr 11 11:44:40.154 2021] SQ# 1 VP#  130.00    ST# 1 A# 1 DPG s: 1         VE416 V8.0   9/ 5/2019 10:11:31
[Sun Apr 11 11:44:40.262 2021] V1,1 D: 80%       s:12 P:  4,   6d @  4.0s D: 12, 22% @  2.5s F: 66, 76% @  1.0s
[Sun Apr 11 11:44:40.397 2021]  GV: 17/ 37/ 50 GS: 43/ 85/147 
[Sun Apr 11 11:45:17.480 2021] SQ# 1 VP#  131.00    ST# 1 A# 1 DPG s: 1         VE416 V8.0   9/ 5/2019 10:12: 8
[Sun Apr 11 11:45:17.628 2021] V1,1 D: 80%       s:12 P:  4,   6d @  4.0s D: 12, 22% @  2.5s F: 66, 76% @  1.0s
[Sun Apr 11 11:45:17.730 2021]  GV: 17/ 37/ 52 GS: 43/ 85/148 
[Sun Apr 11 11:45:43.276 2021] SQ# 1 VP#  132.00    ST# 1 A# 1 DPG s: 1         VE416 V8.0   9/ 5/2019 10:12:34
[Sun Apr 11 11:45:43.383 2021] V1,1 D: 80%       s:12 P:  4,   6d @  4.0s D: 12, 22% @  2.5s F: 66, 76% @  1.0s
[Sun Apr 11 11:45:43.524 2021]  GV: 18/ 37/ 52 GS: 43/ 85/148 
[Sun Apr 11 11:46:15.620 2021] SQ# 1 VP#  133.00    ST# 1 A# 1 DPG s: 1         VE416 V8.0   9/ 5/2019 10:13: 7
[Sun Apr 11 11:46:15.728 2021] V1,1 D: 80%       s:12 P:  4,   6d @  4.0s D: 12, 22% @  2.5s F: 66, 76% @  1.0s
[Sun Apr 11 11:46:15.830 2021]  GV: 17/ 37/ 50 GS: 43/ 85/145 
[Sun Apr 11 11:46:45.919 2021] SQ# 1 VP#  134.00    ST# 1 A# 1 DPG s: 1         VE416 V8.0   9/ 5/2019 10:13:37
[Sun Apr 11 11:46:46.065 2021] V1,1 D: 80%       s:12 P:  4,   6d @  4.0s D: 12, 22% @  2.5s F: 66, 76% @  1.0s
[Sun Apr 11 11:46:46.167 2021]  GV: 17/ 37/ 51 GS: 43/ 85/148 
[Sun Apr 11 11:47:09.438 2021] SQ# 1 VP#  135.00    ST# 1 A# 1 DPG s: 1         VE416 V8.0   9/ 5/2019 10:14: 0
[Sun Apr 11 11:47:09.546 2021] V1,1 D: 80%       s:12 P:  4,   6d @  4.0s D: 12, 22% @  2.5s F: 66, 76% @  1.0s
[Sun Apr 11 11:47:09.681 2021]  GV: 17/ 37/ 52 GS: 43/ 85/148 
[Sun Apr 11 11:55:49.257 2021] TIMING ERROR   DPG / DSD1,1
[Sun Apr 11 11:55:49.298 2021]  VP#   136 ST# 1
[Sun Apr 11 11:55:49.320 2021]  Delta time:  1370 micro seconds      (Max :  1242 micro seconds)
[Sun Apr 11 12:09:18.090 2021] ра
[Sun Apr 11 12:09:18.126 2021] ========= BS / ACQ / SEQ TABLES     VE416  V8.0    22/ 8/2015 14:33:25 =========
[Sun Apr 11 12:09:18.226 2021] 
[Sun Apr 11 12:09:18.232 2021]  ( CRC = C2BDH )
[Sun Apr 11 12:09:18.248 2021] 
[Sun Apr 11 12:09:18.255 2021] BS#1=LIN/STa=250mS/ETa=250mS;
[Sun Apr 11 12:09:18.286 2021]      AMPLI=90%/LENGTH=10S/Sf=12Hz/Ef=96Hz;
[Sun Apr 11 12:09:18.374 2021]      
[Sun Apr 11 12:09:18.382 2021] BS#2=LIN/STa=250mS/ETa=250mS;
[Sun Apr 11 12:09:18.417 2021]      AMPLI=90%/LENGTH=8S/Sf=8Hz/Ef=100Hz;
[Sun Apr 11 12:09:18.466 2021]      
[Sun Apr 11 12:09:18.475 2021] BS#3=LIN/STa=250mS/ETa=250mS;
[Sun Apr 11 12:09:18.510 2021]      AMPLI=90%/LENGTH=12S/Sf=8Hz/Ef=100Hz;
[Sun Apr 11 12:09:18.561 2021]      
[Sun Apr 11 12:09:18.570 2021] BS#4=LIN/STa=250mS/ETa=250mS;
[Sun Apr 11 12:09:18.605 2021]      AMPLI=90%/LENGTH=12S/Sf=8Hz/Ef=100Hz;
[Sun Apr 11 12:09:18.657 2021]      
[Sun Apr 11 12:09:18.661 2021] ACQ1=DSD1,1=N1/DI/P90;
[Sun Apr 11 12:09:18.692 2021]      DSD1,2=DSD1,1;
[Sun Apr 11 12:09:18.713 2021]      DSD1,3=DSD1,1;
[Sun Apr 11 12:09:18.738 2021]      DSD1,4=DSD1,1;
[Sun Apr 11 12:09:18.762 2021]      PILOT1=N1/DI/P90;
[Sun Apr 11 12:09:18.789 2021]      OUT1=+P1;
[Sun Apr 11 12:09:18.809 2021] 
[Sun Apr 11 12:09:18.816 2021] ACQ2=DSD1,1=N2/DI/P90;
[Sun Apr 11 12:09:18.838 2021]      DSD1,2=DSD1,1;
[Sun Apr 11 12:09:18.861 2021]      DSD1,3=DSD1,1;
[Sun Apr 11 12:09:18.886 2021]      DSD1,4=DSD1,1;
[Sun Apr 11 12:09:18.909 2021]      PILOT1=N2/DI/P90;
[Sun Apr 11 12:09:18.937 2021]      OUT1=+P1;
[Sun Apr 11 12:09:18.957 2021] 
[Sun Apr 11 12:09:18.957 2021] ACQ3=DSD1,1=N3/DI/P90;
[Sun Apr 11 12:09:18.984 2021]      DSD1,2=DSD1,1;
[Sun Apr 11 12:09:19.011 2021]      DSD1,3=DSD1,1;
[Sun Apr 11 12:09:19.032 2021]      DSD1,4=DSD1,1;
[Sun Apr 11 12:09:19.057 2021]      PILOT1=N3/DI/P90;
[Sun Apr 11 12:09:19.084 2021]      OUT1=+P1;
[Sun Apr 11 12:09:19.105 2021] 
[Sun Apr 11 12:09:19.105 2021] ACQ4=DSD1,1=N4/DI/P90;
[Sun Apr 11 12:09:19.132 2021]      DSD1,2=DSD1,1;
[Sun Apr 11 12:09:19.157 2021]      DSD1,3=DSD1,1;
[Sun Apr 11 12:09:19.180 2021]      DSD1,4=DSD1,1;
[Sun Apr 11 12:09:19.205 2021]      PILOT1=N4/DI/P90;
[Sun Apr 11 12:09:19.264 2021]      OUT1=+P1;
[Sun Apr 11 12:09:19.284 2021] 
[Sun Apr 11 12:09:19.284 2021] SEQ1=ACQ1;
[Sun Apr 11 12:09:19.299 2021] 
[Sun Apr 11 12:09:19.306 2021] SEQ2=ACQ2;
[Sun Apr 11 12:09:19.316 2021] 
[Sun Apr 11 12:09:19.323 2021] SEQ3=ACQ3;
[Sun Apr 11 12:09:19.331 2021] 
[Sun Apr 11 12:09:19.339 2021] SEQ4=ACQ4;
[Sun Apr 11 12:09:19.349 2021] 
[Sun Apr 11 12:09:19.349 2021] 
[Sun Apr 11 12:10:10.813 2021] 
[Sun Apr 11 12:10:10.819 2021] ========= BS / ACQ / SEQ TABLES     VE416  V8.0    22/ 8/2015 14:34:18 =========
[Sun Apr 11 12:10:10.915 2021] 
[Sun Apr 11 12:10:10.916 2021]  ( CRC = 1F65H )
[Sun Apr 11 12:10:10.939 2021] 
[Sun Apr 11 12:10:10.939 2021] BS#1=LIN/STa=300mS/ETa=300mS;
[Sun Apr 11 12:10:11.011 2021]      AMPLI=90%/LENGTH=12S/Sf=8Hz/Ef=100Hz;
[Sun Apr 11 12:10:11.061 2021]      
[Sun Apr 11 12:10:11.064 2021] BS#2=LIN/STa=250mS/ETa=250mS;
[Sun Apr 11 12:10:11.103 2021]      AMPLI=90%/LENGTH=8S/Sf=8Hz/Ef=100Hz;
[Sun Apr 11 12:10:11.153 2021]      
[Sun Apr 11 12:10:11.162 2021] BS#3=LIN/STa=250mS/ETa=250mS;
[Sun Apr 11 12:10:11.197 2021]      AMPLI=90%/LENGTH=12S/Sf=8Hz/Ef=100Hz;
[Sun Apr 11 12:10:11.247 2021]      
[Sun Apr 11 12:10:11.256 2021] BS#4=LIN/STa=250mS/ETa=250mS;
[Sun Apr 11 12:10:11.292 2021]      AMPLI=90%/LENGTH=12S/Sf=8Hz/Ef=100Hz;
[Sun Apr 11 12:10:11.342 2021]      
[Sun Apr 11 12:10:11.349 2021] ACQ1=DSD1,1=N1/DI/P90;
[Sun Apr 11 12:10:11.377 2021]      DSD1,2=DSD1,1;
[Sun Apr 11 12:10:11.400 2021]      DSD1,3=DSD1,1;
[Sun Apr 11 12:10:11.426 2021]      DSD1,4=DSD1,1;
[Sun Apr 11 12:10:11.449 2021]      PILOT1=N1/DI/P90;
[Sun Apr 11 12:10:11.477 2021]      OUT1=+P1;
[Sun Apr 11 12:10:11.498 2021] 
[Sun Apr 11 12:10:11.498 2021] ACQ2=DSD1,1=N2/DI/P90;
[Sun Apr 11 12:10:11.525 2021]      DSD1,2=DSD1,1;
[Sun Apr 11 12:10:11.549 2021]      DSD1,3=DSD1,1;
[Sun Apr 11 12:10:11.572 2021]      DSD1,4=DSD1,1;
[Sun Apr 11 12:10:11.631 2021]      PILOT1=N2/DI/P90;
[Sun Apr 11 12:10:11.660 2021]      OUT1=+P1;
[Sun Apr 11 12:10:11.679 2021] 
[Sun Apr 11 12:10:11.685 2021] ACQ3=DSD1,1=N3/DI/P90;
[Sun Apr 11 12:10:11.709 2021]      DSD1,2=DSD1,1;
[Sun Apr 11 12:10:11.732 2021]      DSD1,3=DSD1,1;
[Sun Apr 11 12:10:11.756 2021]      DSD1,4=DSD1,1;
[Sun Apr 11 12:10:11.780 2021]      PILOT1=N3/DI/P90;
[Sun Apr 11 12:10:11.806 2021]      OUT1=+P1;
[Sun Apr 11 12:10:11.827 2021] 
[Sun Apr 11 12:10:11.833 2021] ACQ4=DSD1,1=N4/DI/P90;
[Sun Apr 11 12:10:11.856 2021]      DSD1,2=DSD1,1;
[Sun Apr 11 12:10:11.879 2021]      DSD1,3=DSD1,1;
[Sun Apr 11 12:10:11.903 2021]      DSD1,4=DSD1,1;
[Sun Apr 11 12:10:11.929 2021]      PILOT1=N4/DI/P90;
[Sun Apr 11 12:10:11.956 2021]      OUT1=+P1;
[Sun Apr 11 12:10:11.976 2021] 
[Sun Apr 11 12:10:11.976 2021] SEQ1=ACQ1;
[Sun Apr 11 12:10:11.992 2021] 
[Sun Apr 11 12:10:11.992 2021] SEQ2=ACQ2;
[Sun Apr 11 12:10:12.010 2021] 
[Sun Apr 11 12:10:12.016 2021] SEQ3=ACQ3;
[Sun Apr 11 12:10:12.019 2021] 
[Sun Apr 11 12:10:12.019 2021] SEQ4=ACQ4;
[Sun Apr 11 12:10:12.039 2021] 
[Sun Apr 11 12:10:12.039 2021] 
[Sun Apr 11 12:10:25.726 2021] RADIO TRANS. ERROR: No answer or no eom received
[Sun Apr 11 12:10:25.788 2021]      DSD1,1  
[Sun Apr 11 12:10:32.039 2021] RADIO TRANS. ERROR: No answer or no eom received
[Sun Apr 11 12:10:32.101 2021]      DSD1,1  
[Sun Apr 11 12:10:32.119 2021] RADIO TRANS. ERROR: Ineffective init.
[Sun Apr 11 12:10:32.170 2021]      DSD1,1  
[Sun Apr 11 12:12:01.600 2021] 
[Sun Apr 11 12:12:01.606 2021] ========= RADIO DELAY MEASUREMENT   VE416  V8.0    22/ 8/2015 14:36: 9 =========
[Sun Apr 11 12:12:01.732 2021] 
[Sun Apr 11 12:12:01.732 2021] 
[Sun Apr 11 12:12:05.957 2021]     - DSD1,1 :      212 micro seconds
[Sun Apr 11 12:12:10.270 2021]     - DSD1,1 :      232 micro seconds
[Sun Apr 11 12:12:14.621 2021]     - DSD1,1 :      227 micro seconds
[Sun Apr 11 12:12:18.935 2021]     - DSD1,1 :      240 micro seconds
[Sun Apr 11 12:12:23.286 2021]     - DSD1,1 :      257 micro seconds
[Sun Apr 11 12:12:23.339 2021] 
[Sun Apr 11 12:12:23.339 2021]     - Average delay:    234 micro seconds
[Sun Apr 11 12:12:23.424 2021] 
[Sun Apr 11 12:12:37.473 2021] 
[Sun Apr 11 12:12:37.479 2021] ========= LOCAL ACQUISITION         VE416  V8.0    22/ 8/2015 14:36:44 =========
[Sun Apr 11 12:12:37.575 2021] 
[Sun Apr 11 12:13:00.161 2021] SQ# 1 VP#  504.00    ST# 1 A# 1 DPG s: 1         VE416 V8.0  22/ 8/2015 14:37: 1
[Sun Apr 11 12:13:00.260 2021] V1,1 D: 80%       s:18 P:  4,   6d @  4.0s D: 12, 20% @  2.5s F: 66, 77% @  1.0s
[Sun Apr 11 12:13:00.355 2021]  GV: 14/ 37/ 47 GS: 43/ 86/145 
[Sun Apr 11 12:13:15.426 2021] 
[Sun Apr 11 12:13:15.432 2021] ========= NORMAL OPERATION          VE416  V8.0    22/ 8/2015 14:37:22 =========
[Sun Apr 11 12:13:15.527 2021] 
[Sun Apr 11 12:13:46.061 2021] 
[Sun Apr 11 12:13:46.100 2021] ========= NORMAL OPERATION          VE416  V8.0    22/ 8/2015 14:37:53 =========
[Sun Apr 11 12:13:46.200 2021] 
[Sun Apr 11 12:14:42.608 2021] SQ# 1 VP#    1.00    ST# 1 A# 1 DPG s: 1         VE416 V8.0  22/ 8/2015 14:38:41
[Sun Apr 11 12:14:42.708 2021] V1,1 D: 80%       s:18 P:  4,   6d @  4.0s D: 13, 21% @  2.5s F: 66, 77% @  1.0s
[Sun Apr 11 12:15:16.160 2021] SQ# 1 VP#    2.00    ST# 1 A# 1 DPG s: 1         VE416 V8.0  22/ 8/2015 14:39:16
[Sun Apr 11 12:15:16.259 2021] V1,1 D: 80%       s:18 P:  4,   6d @  4.0s D: 12, 22% @  2.5s F: 66, 77% @  1.0s
[Sun Apr 11 12:15:47.433 2021] SQ# 1 VP#    3.00    ST# 1 A# 1 DPG s: 1         VE416 V8.0  22/ 8/2015 14:39:47
[Sun Apr 11 12:15:47.565 2021] V1,1 D: 80%       s:18 P:  4,   6d @  4.0s D: 12, 21% @  2.5s F: 66, 77% @  1.0s
[Sun Apr 11 12:16:17.041 2021] SQ# 1 VP#    4.00    ST# 1 A# 1 DPG s: 1         VE416 V8.0  22/ 8/2015 14:40:17
[Sun Apr 11 12:16:17.140 2021] V1,1 D: 80%       s:18 P:  4,   6d @  4.0s D: 12, 21% @  2.5s F: 66, 77% @  1.0s
[Sun Apr 11 12:16:57.868 2021] SQ# 1 VP#    5.00    ST# 1 A# 1 DPG s: 1         VE416 V8.0  22/ 8/2015 14:40:57
[Sun Apr 11 12:16:57.969 2021] V1,1 D: 80%       s:18 P:  4,   6d @  4.0s D: 12, 22% @  2.5s F: 66, 76% @  1.0s
[Sun Apr 11 12:17:27.476 2021] SQ# 1 VP#    6.00    ST# 1 A# 1 DPG s: 1         VE416 V8.0  22/ 8/2015 14:41:27
[Sun Apr 11 12:17:27.575 2021] V1,1 D: 80%       s:18 P:  4,   6d @  4.0s D: 12, 21% @  2.5s F: 66, 77% @  1.0s
[Sun Apr 11 12:22:07.269 2021] TIMING ERROR   DPG / DSD1,1
[Sun Apr 11 12:22:07.307 2021]  VP#     7 ST# 1
[Sun Apr 11 12:22:07.328 2021]  Delta time:  1695 micro seconds      (Max :   760 micro seconds)
[Sun Apr 11 12:22:08.557 2021] SQ# 1 VP#    7.00    ST# 1 A# 1 DPG s: 1         VE416 V8.0  22/ 8/2015 14:46: 8
[Sun Apr 11 12:22:08.656 2021] V1,1 D: 80%       s:19 P:  4,   6d @  4.0s D: 12, 22% @  2.5s F: 66, 76% @  1.0s
[Sun Apr 11 12:22:37.235 2021] SQ# 1 VP#    8.00    ST# 1 A# 1 DPG s: 1         VE416 V8.0  22/ 8/2015 14:46:37
[Sun Apr 11 12:22:37.374 2021] V1,1 D: 80%       s:18 P:  4,   6d @  4.0s D: 12, 22% @  2.5s F: 66, 77% @  1.0s
[Sun Apr 11 12:23:04.407 2021] SQ# 1 VP#    9.00    ST# 1 A# 1 DPG s: 1         VE416 V8.0  22/ 8/2015 14:47: 4
[Sun Apr 11 12:23:04.505 2021] V1,1 D: 80%       s:18 P:  4,   6d @  4.0s D: 12, 21% @  2.5s F: 66, 77% @  1.0s
[Sun Apr 11 12:23:32.537 2021] SQ# 1 VP#   10.00    ST# 1 A# 1 DPG s: 1         VE416 V8.0  22/ 8/2015 14:47:32
[Sun Apr 11 12:23:32.636 2021] V1,1 D: 80%       s:18 P:  4,   6d @  4.0s D: 12, 22% @  2.5s F: 66, 77% @  1.0s
[Sun Apr 11 12:24:01.905 2021] SQ# 1 VP#   11.00    ST# 1 A# 1 DPG s: 1         VE416 V8.0  22/ 8/2015 14:48: 2
[Sun Apr 11 12:24:02.044 2021] V1,1 D: 80%       s:18 P:  4,   6d @  4.0s D: 12, 22% @  2.5s F: 66, 77% @  1.0s
[Sun Apr 11 12:24:30.474 2021] SQ# 1 VP#   12.00    ST# 1 A# 1 DPG s: 1         VE416 V8.0  22/ 8/2015 14:48:30
[Sun Apr 11 12:24:30.573 2021] V1,1 D: 80%       s:18 P:  4,   6d @  4.0s D: 12, 21% @  2.5s F: 66, 77% @  1.0s
[Sun Apr 11 12:24:58.245 2021] SQ# 1 VP#   13.00    ST# 1 A# 1 DPG s: 1         VE416 V8.0  22/ 8/2015 14:48:58
[Sun Apr 11 12:24:58.345 2021] V1,1 D: 80%       s:18 P:  4,   6d @  4.0s D: 12, 22% @  2.5s F: 66, 76% @  1.0s
[Sun Apr 11 12:29:36.810 2021] TIMING ERROR   DPG / DSD1,1
[Sun Apr 11 12:29:36.849 2021]  VP#    14 ST# 1
[Sun Apr 11 12:29:36.901 2021]  Delta time:  1700 micro seconds      (Max :   757 micro seconds)
[Sun Apr 11 12:29:38.088 2021] SQ# 1 VP#   14.00    ST# 1 A# 1 DPG s: 1         VE416 V8.0  22/ 8/2015 14:53:38
[Sun Apr 11 12:29:38.218 2021] V1,1 D: 80%       s:19 P:  4,   6d @  4.0s D: 12, 22% @  2.5s F: 66, 77% @  1.0s
[Sun Apr 11 12:30:08.204 2021] SQ# 1 VP#   15.00    ST# 1 A# 1 DPG s: 1         VE416 V8.0  22/ 8/2015 14:54: 8
[Sun Apr 11 12:30:08.333 2021] V1,1 D: 80%       s:18 P:  4,   6d @  4.0s D: 12, 21% @  2.5s F: 66, 77% @  1.0s
[Sun Apr 11 12:30:38.960 2021] SQ# 1 VP#   16.00    ST# 1 A# 1 DPG s: 1         VE416 V8.0  22/ 8/2015 14:54:39
[Sun Apr 11 12:30:39.089 2021] V1,1 D: 80%       s:18 P:  4,   6d @  4.0s D: 12, 22% @  2.5s F: 66, 77% @  1.0s
[Sun Apr 11 12:31:11.881 2021] SQ# 1 VP#   17.00    ST# 1 A# 1 DPG s: 1         VE416 V8.0  22/ 8/2015 14:55:12
[Sun Apr 11 12:31:12.017 2021] V1,1 D: 80%       s:18 P:  4,   6d @  4.0s D: 12, 21% @  2.5s F: 66, 76% @  1.0s
[Sun Apr 11 12:31:45.921 2021] SQ# 1 VP#   18.00    ST# 1 A# 1 DPG s: 1         VE416 V8.0  22/ 8/2015 14:55:46
[Sun Apr 11 12:31:46.056 2021] V1,1 D: 80%       s:18 P:  4,   6d @  4.0s D: 12, 21% @  2.5s F: 66, 76% @  1.0s
[Sun Apr 11 12:32:13.731 2021] SQ# 1 VP#   19.00    ST# 1 A# 1 DPG s: 1         VE416 V8.0  22/ 8/2015 14:56:13
[Sun Apr 11 12:32:13.870 2021] V1,1 D: 80%       s:18 P:  4,   6d @  4.0s D: 12, 21% @  2.5s F: 66, 77% @  1.0s
[Sun Apr 11 12:32:43.139 2021] SQ# 1 VP#   20.00    ST# 1 A# 1 DPG s: 1         VE416 V8.0  22/ 8/2015 14:56:43
[Sun Apr 11 12:32:43.271 2021] V1,1 D: 80%       s:18 P:  4,   6d @  4.0s D: 12, 21% @  2.5s F: 66, 76% @  1.0s
[Sun Apr 11 12:33:13.256 2021] 
[Sun Apr 11 12:33:13.264 2021] ========= RADIO DELAY MEASUREMENT   VE416  V8.0    22/ 8/2015 14:57:20 =========
[Sun Apr 11 12:33:13.358 2021] 
[Sun Apr 11 12:33:13.358 2021] 
[Sun Apr 11 12:33:17.628 2021]     - DSD1,1 :      260 micro seconds
[Sun Apr 11 12:33:21.940 2021]     - DSD1,1 :      245 micro seconds
[Sun Apr 11 12:33:26.293 2021]     - DSD1,1 :      252 micro seconds
[Sun Apr 11 12:33:30.605 2021]     - DSD1,1 :      237 micro seconds
[Sun Apr 11 12:33:34.957 2021]     - DSD1,1 :      257 micro seconds
[Sun Apr 11 12:33:35.010 2021] 
[Sun Apr 11 12:33:35.010 2021]     - Average delay:    250 micro seconds
[Sun Apr 11 12:33:35.098 2021] 
[Sun Apr 11 12:33:49.542 2021] 
[Sun Apr 11 12:33:49.581 2021] ========= NORMAL OPERATION          VE416  V8.0    22/ 8/2015 14:57:57 =========
[Sun Apr 11 12:33:49.683 2021] 
[Sun Apr 11 12:37:33.233 2021] SQ# 1 VP#   21.00    ST# 1 A# 1 DPG s: 1         VE416 V8.0  22/ 8/2015 15: 1:33
[Sun Apr 11 12:37:33.333 2021] V1,1 D: 80%       s:18 P:  4,   6d @  4.0s D: 12, 21% @  2.5s F: 66, 77% @  1.0s
[Sun Apr 11 12:38:05.716 2021] SQ# 1 VP#   22.00    ST# 1 A# 1 DPG s: 1         VE416 V8.0  22/ 8/2015 15: 2: 4
[Sun Apr 11 12:38:05.851 2021] V1,1 D: 80%       s:18 P:  4,   6d @  4.0s D: 12, 21% @  2.5s F: 66, 77% @  1.0s
[Sun Apr 11 12:38:39.595 2021] SQ# 1 VP#   23.00    ST# 1 A# 1 DPG s: 1         VE416 V8.0  22/ 8/2015 15: 2:39
[Sun Apr 11 12:38:39.735 2021] V1,1 D: 80%       s:18 P:  4,   6d @  4.0s D: 12, 22% @  2.5s F: 66, 76% @  1.0s
[Sun Apr 11 12:39:11.039 2021] SQ# 1 VP#   24.00    ST# 1 A# 1 DPG s: 1         VE416 V8.0  22/ 8/2015 15: 3:11
[Sun Apr 11 12:39:11.171 2021] V1,1 D: 80%       s:18 P:  4,   6d @  4.0s D: 12, 22% @  2.5s F: 66, 76% @  1.0s
[Sun Apr 11 12:39:52.895 2021] SQ# 1 VP#   25.00    ST# 1 A# 1 DPG s: 1         VE416 V8.0  22/ 8/2015 15: 3:53
[Sun Apr 11 12:39:52.995 2021] V1,1 D: 80%       s:18 P:  4,   6d @  4.0s D: 12, 21% @  2.5s F: 66, 76% @  1.0s
[Sun Apr 11 12:40:28.172 2021] SQ# 1 VP#   26.00    ST# 1 A# 1 DPG s: 1         VE416 V8.0  22/ 8/2015 15: 4:28
[Sun Apr 11 12:40:28.272 2021] V1,1 D: 80%       s:18 P:  4,   6d @  4.0s D: 12, 21% @  2.5s F: 66, 76% @  1.0s
[Sun Apr 11 12:41:02.132 2021] SQ# 1 VP#   27.00    ST# 1 A# 1 DPG s: 1         VE416 V8.0  22/ 8/2015 15: 5: 2
[Sun Apr 11 12:41:02.232 2021] V1,1 D: 80%       s:18 P:  4,   6d @  4.0s D: 12, 21% @  2.5s F: 66, 77% @  1.0s
[Sun Apr 11 12:46:13.279 2021] TIMING ERROR   DPG / DSD1,1
[Sun Apr 11 12:46:13.319 2021]  VP#    28 ST# 1
[Sun Apr 11 12:46:13.340 2021]  Delta time:  1835 micro seconds      (Max :   823 micro seconds)
[Sun Apr 11 12:46:14.598 2021] SQ# 1 VP#   28.00    ST# 1 A# 1 DPG s: 1         VE416 V8.0  22/ 8/2015 15:10:14
[Sun Apr 11 12:46:14.696 2021] V1,1 D: 80%       s:19 P:  4,   6d @  4.0s D: 12, 21% @  2.5s F: 66, 77% @  1.0s
[Sun Apr 11 12:46:44.324 2021] SQ# 1 VP#   29.00    ST# 1 A# 1 DPG s: 1         VE416 V8.0  22/ 8/2015 15:10:44
[Sun Apr 11 12:46:44.423 2021] V1,1 D: 80%       s:18 P:  4,   6d @  4.0s D: 12, 21% @  2.5s F: 66, 76% @  1.0s
[Sun Apr 11 12:47:15.848 2021] SQ# 1 VP#   30.00    ST# 1 A# 1 DPG s: 1         VE416 V8.0  22/ 8/2015 15:11:16
[Sun Apr 11 12:47:15.949 2021] V1,1 D: 80%       s:18 P:  4,   6d @  4.0s D: 12, 22% @  2.5s F: 66, 76% @  1.0s
[Sun Apr 11 12:47:47.402 2021] SQ# 1 VP#   31.00    ST# 1 A# 1 DPG s: 1         VE416 V8.0  22/ 8/2015 15:11:47
[Sun Apr 11 12:47:47.502 2021] V1,1 D: 80%       s:18 P:  4,   6d @  4.0s D: 12, 21% @  2.5s F: 66, 76% @  1.0s
[Sun Apr 11 12:48:15.293 2021] SQ# 1 VP#   32.00    ST# 1 A# 1 DPG s: 1         VE416 V8.0  22/ 8/2015 15:12:15
[Sun Apr 11 12:48:15.392 2021] V1,1 D: 80%       s:18 P:  4,   6d @  4.0s D: 12, 21% @  2.5s F: 66, 76% @  1.0s
[Sun Apr 11 12:48:45.619 2021] SQ# 1 VP#   33.00    ST# 1 A# 1 DPG s: 1         VE416 V8.0  22/ 8/2015 15:12:45
[Sun Apr 11 12:48:45.756 2021] V1,1 D: 80%       s:18 P:  4,   6d @  4.0s D: 12, 20% @  2.5s F: 66, 76% @  1.0s
[Sun Apr 11 12:49:19.778 2021] SQ# 1 VP#   34.00    ST# 1 A# 1 DPG s: 1         VE416 V8.0  22/ 8/2015 15:13:20
[Sun Apr 11 12:49:19.917 2021] V1,1 D: 80%       s:18 P:  4,   6d @  4.0s D: 12, 20% @  2.5s F: 66, 76% @  1.0s
[Sun Apr 11 12:54:09.564 2021] TIMING ERROR   DPG / DSD1,1
[Sun Apr 11 12:54:09.602 2021]  VP#    35 ST# 1
[Sun Apr 11 12:54:09.622 2021]  Delta time:  1720 micro seconds      (Max :   779 micro seconds)
[Sun Apr 11 12:54:10.811 2021] SQ# 1 VP#   35.00    ST# 1 A# 1 DPG s: 1         VE416 V8.0  22/ 8/2015 15:18:10
[Sun Apr 11 12:54:10.944 2021] V1,1 D: 80%       s:19 P:  4,   6d @  4.0s D: 12, 21% @  2.5s F: 66, 76% @  1.0s
[Sun Apr 11 12:54:40.249 2021] SQ# 1 VP#   36.00    ST# 1 A# 1 DPG s: 1         VE416 V8.0  22/ 8/2015 15:18:40
[Sun Apr 11 12:54:40.348 2021] V1,1 D: 80%       s:18 P:  4,   6d @  4.0s D: 12, 21% @  2.5s F: 66, 76% @  1.0s
[Sun Apr 11 12:55:18.471 2021] SQ# 1 VP#   37.00    ST# 1 A# 1 DPG s: 1         VE416 V8.0  22/ 8/2015 15:19:18
[Sun Apr 11 12:55:18.569 2021] V1,1 D: 80%       s:18 P:  4,   6d @  4.0s D: 12, 21% @  2.5s F: 66, 76% @  1.0s
[Sun Apr 11 12:56:05.527 2021] SQ# 1 VP#   38.00    ST# 1 A# 1 DPG s: 1         VE416 V8.0  22/ 8/2015 15:20: 5
[Sun Apr 11 12:56:05.626 2021] V1,1 D: 80%       s:18 P:  4,   6d @  6.5s D: 12, 21% @  2.5s F: 66, 76% @  1.0s
[Sun Apr 11 12:56:49.709 2021] SQ# 1 VP#   39.00    ST# 1 A# 1 DPG s: 1         VE416 V8.0  22/ 8/2015 15:20:49
[Sun Apr 11 12:56:49.808 2021] V1,1 D: 80%       s:18 P:  4,   6d @  4.0s D: 12, 21% @  2.5s F: 66, 76% @  1.0s
[Sun Apr 11 12:57:17.319 2021] SQ# 1 VP#   40.00    ST# 1 A# 1 DPG s: 1         VE416 V8.0  22/ 8/2015 15:21:17
[Sun Apr 11 12:57:17.419 2021] V1,1 D: 80%       s:18 P:  4,   6d @  4.0s D: 12, 21% @  2.5s F: 66, 76% @  1.0s
[Sun Apr 11 12:57:52.957 2021] SQ# 1 VP#   41.00    ST# 1 A# 1 DPG s: 1         VE416 V8.0  22/ 8/2015 15:21:53
[Sun Apr 11 12:57:53.088 2021] V1,1 D: 80%       s:18 P:  4,   6d @  4.0s D: 13, 20% @  2.5s F: 65, 76% @  1.0s
[Sun Apr 11 13:03:07.967 2021] TIMING ERROR   DPG / DSD1,1
[Sun Apr 11 13:03:08.006 2021]  VP#    42 ST# 1
[Sun Apr 11 13:03:08.026 2021]  Delta time:  1805 micro seconds      (Max :   830 micro seconds)
[Sun Apr 11 13:03:09.255 2021] SQ# 1 VP#   42.00    ST# 1 A# 1 DPG s: 1         VE416 V8.0  22/ 8/2015 15:27: 9
[Sun Apr 11 13:03:09.354 2021] V1,1 D: 80%       s:19 P:  4,   6d @  4.0s D: 12, 20% @  2.5s F: 66, 76% @  1.0s
[Sun Apr 11 13:03:50.791 2021] SQ# 1 VP#   43.00    ST# 1 A# 1 DPG s: 1         VE416 V8.0  22/ 8/2015 15:27:50
[Sun Apr 11 13:03:50.922 2021] V1,1 D: 80%       s:18 P:  4,   6d @  4.0s D: 12, 21% @  2.5s F: 66, 77% @  1.0s
[Sun Apr 11 13:04:18.232 2021] SQ# 1 VP#   44.00    ST# 1 A# 1 DPG s: 1         VE416 V8.0  22/ 8/2015 15:28:18
[Sun Apr 11 13:04:18.332 2021] V1,1 D: 80%       s:18 P:  4,   6d @  4.0s D: 12, 21% @  2.5s F: 66, 76% @  1.0s
[Sun Apr 11 13:04:47.680 2021] SQ# 1 VP#   45.00    ST# 1 A# 1 DPG s: 1         VE416 V8.0  22/ 8/2015 15:28:47
[Sun Apr 11 13:04:47.812 2021] V1,1 D: 80%       s:18 P:  4,   6d @  4.0s D: 12, 21% @  2.5s F: 66, 76% @  1.0s
[Sun Apr 11 13:05:18.046 2021] SQ# 1 VP#   46.00    ST# 1 A# 1 DPG s: 1         VE416 V8.0  22/ 8/2015 15:29:18
[Sun Apr 11 13:05:18.145 2021] V1,1 D: 80%       s:18 P:  4,   6d @  6.5s D: 12, 20% @  2.5s F: 66, 76% @  1.0s
[Sun Apr 11 13:05:48.402 2021] SQ# 1 VP#   47.00    ST# 1 A# 1 DPG s: 1         VE416 V8.0  22/ 8/2015 15:29:48
[Sun Apr 11 13:05:48.502 2021] V1,1 D: 80%       s:18 P:  4,   6d @  6.5s D: 12, 21% @  2.5s F: 66, 76% @  1.0s
[Sun Apr 11 13:06:16.732 2021] SQ# 1 VP#   48.00    ST# 1 A# 1 DPG s: 1         VE416 V8.0  22/ 8/2015 15:30:16
[Sun Apr 11 13:06:16.832 2021] V1,1 D: 80%       s:18 P:  4,   6d @  6.5s D: 12, 20% @  2.5s F: 66, 76% @  1.0s
[Sun Apr 11 13:06:43.504 2021] SQ# 1 VP#   49.00    ST# 1 A# 1 DPG s: 1         VE416 V8.0  22/ 8/2015 15:30:43
[Sun Apr 11 13:06:43.603 2021] V1,1 D: 80%       s:18 P:  4,   6d @  6.5s D: 12, 21% @  2.5s F: 66, 77% @  1.0s
